Determining if the pthread_create exist failed with the following output:
Change Dir: /home/praneet/ffmpeg_sources/aom_build/CMakeFiles/CMakeTmp

Run Build Command:"/usr/bin/make" "cmTC_88718/fast"
/usr/bin/make -f CMakeFiles/cmTC_88718.dir/build.make CMakeFiles/cmTC_88718.dir/build
make[1]: Entering directory '/home/praneet/ffmpeg_sources/aom_build/CMakeFiles/CMakeTmp'
Building C object CMakeFiles/cmTC_88718.dir/CheckSymbolExists.c.o
/usr/bin/cc     -o CMakeFiles/cmTC_88718.dir/CheckSymbolExists.c.o   -c /home/praneet/ffmpeg_sources/aom_build/CMakeFiles/CMakeTmp/CheckSymbolExists.c
Linking C executable cmTC_88718
/usr/bin/cmake -E cmake_link_script CMakeFiles/cmTC_88718.dir/link.txt --verbose=1
/usr/bin/cc       CMakeFiles/cmTC_88718.dir/CheckSymbolExists.c.o  -o cmTC_88718 
CMakeFiles/cmTC_88718.dir/CheckSymbolExists.c.o: In function `main':
CheckSymbolExists.c:(.text+0x16): undefined reference to `pthread_create'
collect2: error: ld returned 1 exit status
CMakeFiles/cmTC_88718.dir/build.make:97: recipe for target 'cmTC_88718' failed
make[1]: *** [cmTC_88718] Error 1
make[1]: Leaving directory '/home/praneet/ffmpeg_sources/aom_build/CMakeFiles/CMakeTmp'
Makefile:126: recipe for target 'cmTC_88718/fast' failed
make: *** [cmTC_88718/fast] Error 2

File /home/praneet/ffmpeg_sources/aom_build/CMakeFiles/CMakeTmp/CheckSymbolExists.c:
/* */
#include <pthread.h>

int main(int argc, char** argv)
{
  (void)argv;
#ifndef pthread_create
  return ((int*)(&pthread_create))[argc];
#else
  (void)argc;
  return 0;
#endif
}

Determining if the function pthread_create exists in the pthreads failed with the following output:
Change Dir: /home/praneet/ffmpeg_sources/aom_build/CMakeFiles/CMakeTmp

Run Build Command:"/usr/bin/make" "cmTC_ce108/fast"
/usr/bin/make -f CMakeFiles/cmTC_ce108.dir/build.make CMakeFiles/cmTC_ce108.dir/build
make[1]: Entering directory '/home/praneet/ffmpeg_sources/aom_build/CMakeFiles/CMakeTmp'
Building C object CMakeFiles/cmTC_ce108.dir/CheckFunctionExists.c.o
/usr/bin/cc    -DCHECK_FUNCTION_EXISTS=pthread_create   -o CMakeFiles/cmTC_ce108.dir/CheckFunctionExists.c.o   -c /usr/share/cmake-3.5/Modules/CheckFunctionExists.c
Linking C executable cmTC_ce108
/usr/bin/cmake -E cmake_link_script CMakeFiles/cmTC_ce108.dir/link.txt --verbose=1
/usr/bin/cc   -DCHECK_FUNCTION_EXISTS=pthread_create    CMakeFiles/cmTC_ce108.dir/CheckFunctionExists.c.o  -o cmTC_ce108 -lpthreads 
/usr/bin/ld: cannot find -lpthreads
collect2: error: ld returned 1 exit status
CMakeFiles/cmTC_ce108.dir/build.make:97: recipe for target 'cmTC_ce108' failed
make[1]: *** [cmTC_ce108] Error 1
make[1]: Leaving directory '/home/praneet/ffmpeg_sources/aom_build/CMakeFiles/CMakeTmp'
Makefile:126: recipe for target 'cmTC_ce108/fast' failed
make: *** [cmTC_ce108/fast] Error 2


Performing C++ SOURCE FILE Test CXX_FLAG_SUPPORTED failed with the following output:
Change Dir: /home/praneet/ffmpeg_sources/aom_build/CMakeFiles/CMakeTmp

Run Build Command:"/usr/bin/make" "cmTC_cc971/fast"
/usr/bin/make -f CMakeFiles/cmTC_cc971.dir/build.make CMakeFiles/cmTC_cc971.dir/build
make[1]: Entering directory '/home/praneet/ffmpeg_sources/aom_build/CMakeFiles/CMakeTmp'
Building CXX object CMakeFiles/cmTC_cc971.dir/src.cxx.o
/usr/bin/c++     -DCXX_FLAG_SUPPORTED   -Wimplicit-function-declaration -o CMakeFiles/cmTC_cc971.dir/src.cxx.o -c /home/praneet/ffmpeg_sources/aom_build/CMakeFiles/CMakeTmp/src.cxx
cc1plus: warning: command line option '-Wimplicit-function-declaration' is valid for C/ObjC but not for C++
Linking CXX executable cmTC_cc971
/usr/bin/cmake -E cmake_link_script CMakeFiles/cmTC_cc971.dir/link.txt --verbose=1
/usr/bin/c++    -DCXX_FLAG_SUPPORTED    CMakeFiles/cmTC_cc971.dir/src.cxx.o  -o cmTC_cc971 -lm 
make[1]: Leaving directory '/home/praneet/ffmpeg_sources/aom_build/CMakeFiles/CMakeTmp'

Source file was:
int main() { return 0; }
Performing C SOURCE FILE Test C_FLAG_SUPPORTED failed with the following output:
Change Dir: /home/praneet/ffmpeg_sources/aom_build/CMakeFiles/CMakeTmp

Run Build Command:"/usr/bin/make" "cmTC_910b2/fast"
/usr/bin/make -f CMakeFiles/cmTC_910b2.dir/build.make CMakeFiles/cmTC_910b2.dir/build
make[1]: Entering directory '/home/praneet/ffmpeg_sources/aom_build/CMakeFiles/CMakeTmp'
Building C object CMakeFiles/cmTC_910b2.dir/src.c.o
/usr/bin/cc    -DC_FLAG_SUPPORTED   -Wstring-conversion -o CMakeFiles/cmTC_910b2.dir/src.c.o   -c /home/praneet/ffmpeg_sources/aom_build/CMakeFiles/CMakeTmp/src.c
cc: error: unrecognized command line option '-Wstring-conversion'
CMakeFiles/cmTC_910b2.dir/build.make:65: recipe for target 'CMakeFiles/cmTC_910b2.dir/src.c.o' failed
make[1]: *** [CMakeFiles/cmTC_910b2.dir/src.c.o] Error 1
make[1]: Leaving directory '/home/praneet/ffmpeg_sources/aom_build/CMakeFiles/CMakeTmp'
Makefile:126: recipe for target 'cmTC_910b2/fast' failed
make: *** [cmTC_910b2/fast] Error 2

Source file was:
int main(void) { return 0; }
Performing C++ SOURCE FILE Test CXX_FLAG_SUPPORTED failed with the following output:
Change Dir: /home/praneet/ffmpeg_sources/aom_build/CMakeFiles/CMakeTmp

Run Build Command:"/usr/bin/make" "cmTC_cadc2/fast"
/usr/bin/make -f CMakeFiles/cmTC_cadc2.dir/build.make CMakeFiles/cmTC_cadc2.dir/build
make[1]: Entering directory '/home/praneet/ffmpeg_sources/aom_build/CMakeFiles/CMakeTmp'
Building CXX object CMakeFiles/cmTC_cadc2.dir/src.cxx.o
/usr/bin/c++     -DCXX_FLAG_SUPPORTED   -Wstring-conversion -o CMakeFiles/cmTC_cadc2.dir/src.cxx.o -c /home/praneet/ffmpeg_sources/aom_build/CMakeFiles/CMakeTmp/src.cxx
c++: error: unrecognized command line option '-Wstring-conversion'
CMakeFiles/cmTC_cadc2.dir/build.make:65: recipe for target 'CMakeFiles/cmTC_cadc2.dir/src.cxx.o' failed
make[1]: *** [CMakeFiles/cmTC_cadc2.dir/src.cxx.o] Error 1
make[1]: Leaving directory '/home/praneet/ffmpeg_sources/aom_build/CMakeFiles/CMakeTmp'
Makefile:126: recipe for target 'cmTC_cadc2/fast' failed
make: *** [cmTC_cadc2/fast] Error 2

Source file was:
int main() { return 0; }
Performing C SOURCE FILE Test C_FLAG_SUPPORTED failed with the following output:
Change Dir: /home/praneet/ffmpeg_sources/aom_build/CMakeFiles/CMakeTmp

Run Build Command:"/usr/bin/make" "cmTC_7b35d/fast"
/usr/bin/make -f CMakeFiles/cmTC_7b35d.dir/build.make CMakeFiles/cmTC_7b35d.dir/build
make[1]: Entering directory '/home/praneet/ffmpeg_sources/aom_build/CMakeFiles/CMakeTmp'
Building C object CMakeFiles/cmTC_7b35d.dir/src.c.o
/usr/bin/cc    -DC_FLAG_SUPPORTED   -Wshorten-64-to-32 -o CMakeFiles/cmTC_7b35d.dir/src.c.o   -c /home/praneet/ffmpeg_sources/aom_build/CMakeFiles/CMakeTmp/src.c
cc: error: unrecognized command line option '-Wshorten-64-to-32'
CMakeFiles/cmTC_7b35d.dir/build.make:65: recipe for target 'CMakeFiles/cmTC_7b35d.dir/src.c.o' failed
make[1]: *** [CMakeFiles/cmTC_7b35d.dir/src.c.o] Error 1
make[1]: Leaving directory '/home/praneet/ffmpeg_sources/aom_build/CMakeFiles/CMakeTmp'
Makefile:126: recipe for target 'cmTC_7b35d/fast' failed
make: *** [cmTC_7b35d/fast] Error 2

Source file was:
int main(void) { return 0; }
