The system is: Linux - 4.15.0-29-generic - x86_64
Compiling the C compiler identification source file "CMakeCCompilerId.c" succeeded.
Compiler: /usr/bin/cc 
Build flags: 
Id flags: 

The output was:
0


Compilation of the C compiler identification source "CMakeCCompilerId.c" produced "a.out"

The C compiler identification is GNU, found in "/home/praneet/ffmpeg_sources/aom_build/CMakeFiles/3.5.1/CompilerIdC/a.out"

Compiling the CXX compiler identification source file "CMakeCXXCompilerId.cpp" succeeded.
Compiler: /usr/bin/c++ 
Build flags: 
Id flags: 

The output was:
0


Compilation of the CXX compiler identification source "CMakeCXXCompilerId.cpp" produced "a.out"

The CXX compiler identification is GNU, found in "/home/praneet/ffmpeg_sources/aom_build/CMakeFiles/3.5.1/CompilerIdCXX/a.out"

Determining if the C compiler works passed with the following output:
Change Dir: /home/praneet/ffmpeg_sources/aom_build/CMakeFiles/CMakeTmp

Run Build Command:"/usr/bin/make" "cmTC_772a7/fast"
/usr/bin/make -f CMakeFiles/cmTC_772a7.dir/build.make CMakeFiles/cmTC_772a7.dir/build
make[1]: Entering directory '/home/praneet/ffmpeg_sources/aom_build/CMakeFiles/CMakeTmp'
Building C object CMakeFiles/cmTC_772a7.dir/testCCompiler.c.o
/usr/bin/cc     -o CMakeFiles/cmTC_772a7.dir/testCCompiler.c.o   -c /home/praneet/ffmpeg_sources/aom_build/CMakeFiles/CMakeTmp/testCCompiler.c
Linking C executable cmTC_772a7
/usr/bin/cmake -E cmake_link_script CMakeFiles/cmTC_772a7.dir/link.txt --verbose=1
/usr/bin/cc       CMakeFiles/cmTC_772a7.dir/testCCompiler.c.o  -o cmTC_772a7 
make[1]: Leaving directory '/home/praneet/ffmpeg_sources/aom_build/CMakeFiles/CMakeTmp'


Detecting C compiler ABI info compiled with the following output:
Change Dir: /home/praneet/ffmpeg_sources/aom_build/CMakeFiles/CMakeTmp

Run Build Command:"/usr/bin/make" "cmTC_425ad/fast"
/usr/bin/make -f CMakeFiles/cmTC_425ad.dir/build.make CMakeFiles/cmTC_425ad.dir/build
make[1]: Entering directory '/home/praneet/ffmpeg_sources/aom_build/CMakeFiles/CMakeTmp'
Building C object CMakeFiles/cmTC_425ad.dir/CMakeCCompilerABI.c.o
/usr/bin/cc     -o CMakeFiles/cmTC_425ad.dir/CMakeCCompilerABI.c.o   -c /usr/share/cmake-3.5/Modules/CMakeCCompilerABI.c
Linking C executable cmTC_425ad
/usr/bin/cmake -E cmake_link_script CMakeFiles/cmTC_425ad.dir/link.txt --verbose=1
/usr/bin/cc      -v CMakeFiles/cmTC_425ad.dir/CMakeCCompilerABI.c.o  -o cmTC_425ad  
Using built-in specs.
COLLECT_GCC=/usr/bin/cc
COLLECT_LTO_WRAPPER=/usr/lib/gcc/x86_64-linux-gnu/5/lto-wrapper
Target: x86_64-linux-gnu
Configured with: ../src/configure -v --with-pkgversion='Ubuntu 5.4.0-6ubuntu1~16.04.10' --with-bugurl=file:///usr/share/doc/gcc-5/README.Bugs --enable-languages=c,ada,c++,java,go,d,fortran,objc,obj-c++ --prefix=/usr --program-suffix=-5 --enable-shared --enable-linker-build-id --libexecdir=/usr/lib --without-included-gettext --enable-threads=posix --libdir=/usr/lib --enable-nls --with-sysroot=/ --enable-clocale=gnu --enable-libstdcxx-debug --enable-libstdcxx-time=yes --with-default-libstdcxx-abi=new --enable-gnu-unique-object --disable-vtable-verify --enable-libmpx --enable-plugin --with-system-zlib --disable-browser-plugin --enable-java-awt=gtk --enable-gtk-cairo --with-java-home=/usr/lib/jvm/java-1.5.0-gcj-5-amd64/jre --enable-java-home --with-jvm-root-dir=/usr/lib/jvm/java-1.5.0-gcj-5-amd64 --with-jvm-jar-dir=/usr/lib/jvm-exports/java-1.5.0-gcj-5-amd64 --with-arch-directory=amd64 --with-ecj-jar=/usr/share/java/eclipse-ecj.jar --enable-objc-gc --enable-multiarch --disable-werror --with-arch-32=i686 --with-abi=m64 --with-multilib-list=m32,m64,mx32 --enable-multilib --with-tune=generic --enable-checking=release --build=x86_64-linux-gnu --host=x86_64-linux-gnu --target=x86_64-linux-gnu
Thread model: posix
gcc version 5.4.0 20160609 (Ubuntu 5.4.0-6ubuntu1~16.04.10) 
COMPILER_PATH=/usr/lib/gcc/x86_64-linux-gnu/5/:/usr/lib/gcc/x86_64-linux-gnu/5/:/usr/lib/gcc/x86_64-linux-gnu/:/usr/lib/gcc/x86_64-linux-gnu/5/:/usr/lib/gcc/x86_64-linux-gnu/
LIBRARY_PATH=/usr/lib/gcc/x86_64-linux-gnu/5/:/usr/lib/gcc/x86_64-linux-gnu/5/../../../x86_64-linux-gnu/:/usr/lib/gcc/x86_64-linux-gnu/5/../../../../lib/:/lib/x86_64-linux-gnu/:/lib/../lib/:/usr/lib/x86_64-linux-gnu/:/usr/lib/../lib/:/usr/lib/gcc/x86_64-linux-gnu/5/../../../:/lib/:/usr/lib/
COLLECT_GCC_OPTIONS='-v' '-o' 'cmTC_425ad' '-mtune=generic' '-march=x86-64'
 /usr/lib/gcc/x86_64-linux-gnu/5/collect2 -plugin /usr/lib/gcc/x86_64-linux-gnu/5/liblto_plugin.so -plugin-opt=/usr/lib/gcc/x86_64-linux-gnu/5/lto-wrapper -plugin-opt=-fresolution=/tmp/ccDNGOoa.res -plugin-opt=-pass-through=-lgcc -plugin-opt=-pass-through=-lgcc_s -plugin-opt=-pass-through=-lc -plugin-opt=-pass-through=-lgcc -plugin-opt=-pass-through=-lgcc_s --sysroot=/ --build-id --eh-frame-hdr -m elf_x86_64 --hash-style=gnu --as-needed -dynamic-linker /lib64/ld-linux-x86-64.so.2 -z relro -o cmTC_425ad /usr/lib/gcc/x86_64-linux-gnu/5/../../../x86_64-linux-gnu/crt1.o /usr/lib/gcc/x86_64-linux-gnu/5/../../../x86_64-linux-gnu/crti.o /usr/lib/gcc/x86_64-linux-gnu/5/crtbegin.o -L/usr/lib/gcc/x86_64-linux-gnu/5 -L/usr/lib/gcc/x86_64-linux-gnu/5/../../../x86_64-linux-gnu -L/usr/lib/gcc/x86_64-linux-gnu/5/../../../../lib -L/lib/x86_64-linux-gnu -L/lib/../lib -L/usr/lib/x86_64-linux-gnu -L/usr/lib/../lib -L/usr/lib/gcc/x86_64-linux-gnu/5/../../.. CMakeFiles/cmTC_425ad.dir/CMakeCCompilerABI.c.o -lgcc --as-needed -lgcc_s --no-as-needed -lc -lgcc --as-needed -lgcc_s --no-as-needed /usr/lib/gcc/x86_64-linux-gnu/5/crtend.o /usr/lib/gcc/x86_64-linux-gnu/5/../../../x86_64-linux-gnu/crtn.o
make[1]: Leaving directory '/home/praneet/ffmpeg_sources/aom_build/CMakeFiles/CMakeTmp'


Parsed C implicit link information from above output:
  link line regex: [^( *|.*[/\])(ld|([^/\]+-)?ld|collect2)[^/\]*( |$)]
  ignore line: [Change Dir: /home/praneet/ffmpeg_sources/aom_build/CMakeFiles/CMakeTmp]
  ignore line: []
  ignore line: [Run Build Command:"/usr/bin/make" "cmTC_425ad/fast"]
  ignore line: [/usr/bin/make -f CMakeFiles/cmTC_425ad.dir/build.make CMakeFiles/cmTC_425ad.dir/build]
  ignore line: [make[1]: Entering directory '/home/praneet/ffmpeg_sources/aom_build/CMakeFiles/CMakeTmp']
  ignore line: [Building C object CMakeFiles/cmTC_425ad.dir/CMakeCCompilerABI.c.o]
  ignore line: [/usr/bin/cc     -o CMakeFiles/cmTC_425ad.dir/CMakeCCompilerABI.c.o   -c /usr/share/cmake-3.5/Modules/CMakeCCompilerABI.c]
  ignore line: [Linking C executable cmTC_425ad]
  ignore line: [/usr/bin/cmake -E cmake_link_script CMakeFiles/cmTC_425ad.dir/link.txt --verbose=1]
  ignore line: [/usr/bin/cc      -v CMakeFiles/cmTC_425ad.dir/CMakeCCompilerABI.c.o  -o cmTC_425ad  ]
  ignore line: [Using built-in specs.]
  ignore line: [COLLECT_GCC=/usr/bin/cc]
  ignore line: [COLLECT_LTO_WRAPPER=/usr/lib/gcc/x86_64-linux-gnu/5/lto-wrapper]
  ignore line: [Target: x86_64-linux-gnu]
  ignore line: [Configured with: ../src/configure -v --with-pkgversion='Ubuntu 5.4.0-6ubuntu1~16.04.10' --with-bugurl=file:///usr/share/doc/gcc-5/README.Bugs --enable-languages=c,ada,c++,java,go,d,fortran,objc,obj-c++ --prefix=/usr --program-suffix=-5 --enable-shared --enable-linker-build-id --libexecdir=/usr/lib --without-included-gettext --enable-threads=posix --libdir=/usr/lib --enable-nls --with-sysroot=/ --enable-clocale=gnu --enable-libstdcxx-debug --enable-libstdcxx-time=yes --with-default-libstdcxx-abi=new --enable-gnu-unique-object --disable-vtable-verify --enable-libmpx --enable-plugin --with-system-zlib --disable-browser-plugin --enable-java-awt=gtk --enable-gtk-cairo --with-java-home=/usr/lib/jvm/java-1.5.0-gcj-5-amd64/jre --enable-java-home --with-jvm-root-dir=/usr/lib/jvm/java-1.5.0-gcj-5-amd64 --with-jvm-jar-dir=/usr/lib/jvm-exports/java-1.5.0-gcj-5-amd64 --with-arch-directory=amd64 --with-ecj-jar=/usr/share/java/eclipse-ecj.jar --enable-objc-gc --enable-multiarch --disable-werror --with-arch-32=i686 --with-abi=m64 --with-multilib-list=m32,m64,mx32 --enable-multilib --with-tune=generic --enable-checking=release --build=x86_64-linux-gnu --host=x86_64-linux-gnu --target=x86_64-linux-gnu]
  ignore line: [Thread model: posix]
  ignore line: [gcc version 5.4.0 20160609 (Ubuntu 5.4.0-6ubuntu1~16.04.10) ]
  ignore line: [COMPILER_PATH=/usr/lib/gcc/x86_64-linux-gnu/5/:/usr/lib/gcc/x86_64-linux-gnu/5/:/usr/lib/gcc/x86_64-linux-gnu/:/usr/lib/gcc/x86_64-linux-gnu/5/:/usr/lib/gcc/x86_64-linux-gnu/]
  ignore line: [LIBRARY_PATH=/usr/lib/gcc/x86_64-linux-gnu/5/:/usr/lib/gcc/x86_64-linux-gnu/5/../../../x86_64-linux-gnu/:/usr/lib/gcc/x86_64-linux-gnu/5/../../../../lib/:/lib/x86_64-linux-gnu/:/lib/../lib/:/usr/lib/x86_64-linux-gnu/:/usr/lib/../lib/:/usr/lib/gcc/x86_64-linux-gnu/5/../../../:/lib/:/usr/lib/]
  ignore line: [COLLECT_GCC_OPTIONS='-v' '-o' 'cmTC_425ad' '-mtune=generic' '-march=x86-64']
  link line: [ /usr/lib/gcc/x86_64-linux-gnu/5/collect2 -plugin /usr/lib/gcc/x86_64-linux-gnu/5/liblto_plugin.so -plugin-opt=/usr/lib/gcc/x86_64-linux-gnu/5/lto-wrapper -plugin-opt=-fresolution=/tmp/ccDNGOoa.res -plugin-opt=-pass-through=-lgcc -plugin-opt=-pass-through=-lgcc_s -plugin-opt=-pass-through=-lc -plugin-opt=-pass-through=-lgcc -plugin-opt=-pass-through=-lgcc_s --sysroot=/ --build-id --eh-frame-hdr -m elf_x86_64 --hash-style=gnu --as-needed -dynamic-linker /lib64/ld-linux-x86-64.so.2 -z relro -o cmTC_425ad /usr/lib/gcc/x86_64-linux-gnu/5/../../../x86_64-linux-gnu/crt1.o /usr/lib/gcc/x86_64-linux-gnu/5/../../../x86_64-linux-gnu/crti.o /usr/lib/gcc/x86_64-linux-gnu/5/crtbegin.o -L/usr/lib/gcc/x86_64-linux-gnu/5 -L/usr/lib/gcc/x86_64-linux-gnu/5/../../../x86_64-linux-gnu -L/usr/lib/gcc/x86_64-linux-gnu/5/../../../../lib -L/lib/x86_64-linux-gnu -L/lib/../lib -L/usr/lib/x86_64-linux-gnu -L/usr/lib/../lib -L/usr/lib/gcc/x86_64-linux-gnu/5/../../.. CMakeFiles/cmTC_425ad.dir/CMakeCCompilerABI.c.o -lgcc --as-needed -lgcc_s --no-as-needed -lc -lgcc --as-needed -lgcc_s --no-as-needed /usr/lib/gcc/x86_64-linux-gnu/5/crtend.o /usr/lib/gcc/x86_64-linux-gnu/5/../../../x86_64-linux-gnu/crtn.o]
    arg [/usr/lib/gcc/x86_64-linux-gnu/5/collect2] ==> ignore
    arg [-plugin] ==> ignore
    arg [/usr/lib/gcc/x86_64-linux-gnu/5/liblto_plugin.so] ==> ignore
    arg [-plugin-opt=/usr/lib/gcc/x86_64-linux-gnu/5/lto-wrapper] ==> ignore
    arg [-plugin-opt=-fresolution=/tmp/ccDNGOoa.res] ==> ignore
    arg [-plugin-opt=-pass-through=-lgcc] ==> ignore
    arg [-plugin-opt=-pass-through=-lgcc_s] ==> ignore
    arg [-plugin-opt=-pass-through=-lc] ==> ignore
    arg [-plugin-opt=-pass-through=-lgcc] ==> ignore
    arg [-plugin-opt=-pass-through=-lgcc_s] ==> ignore
    arg [--sysroot=/] ==> ignore
    arg [--build-id] ==> ignore
    arg [--eh-frame-hdr] ==> ignore
    arg [-m] ==> ignore
    arg [elf_x86_64] ==> ignore
    arg [--hash-style=gnu] ==> ignore
    arg [--as-needed] ==> ignore
    arg [-dynamic-linker] ==> ignore
    arg [/lib64/ld-linux-x86-64.so.2] ==> ignore
    arg [-zrelro] ==> ignore
    arg [-o] ==> ignore
    arg [cmTC_425ad] ==> ignore
    arg [/usr/lib/gcc/x86_64-linux-gnu/5/../../../x86_64-linux-gnu/crt1.o] ==> ignore
    arg [/usr/lib/gcc/x86_64-linux-gnu/5/../../../x86_64-linux-gnu/crti.o] ==> ignore
    arg [/usr/lib/gcc/x86_64-linux-gnu/5/crtbegin.o] ==> ignore
    arg [-L/usr/lib/gcc/x86_64-linux-gnu/5] ==> dir [/usr/lib/gcc/x86_64-linux-gnu/5]
    arg [-L/usr/lib/gcc/x86_64-linux-gnu/5/../../../x86_64-linux-gnu] ==> dir [/usr/lib/gcc/x86_64-linux-gnu/5/../../../x86_64-linux-gnu]
    arg [-L/usr/lib/gcc/x86_64-linux-gnu/5/../../../../lib] ==> dir [/usr/lib/gcc/x86_64-linux-gnu/5/../../../../lib]
    arg [-L/lib/x86_64-linux-gnu] ==> dir [/lib/x86_64-linux-gnu]
    arg [-L/lib/../lib] ==> dir [/lib/../lib]
    arg [-L/usr/lib/x86_64-linux-gnu] ==> dir [/usr/lib/x86_64-linux-gnu]
    arg [-L/usr/lib/../lib] ==> dir [/usr/lib/../lib]
    arg [-L/usr/lib/gcc/x86_64-linux-gnu/5/../../..] ==> dir [/usr/lib/gcc/x86_64-linux-gnu/5/../../..]
    arg [CMakeFiles/cmTC_425ad.dir/CMakeCCompilerABI.c.o] ==> ignore
    arg [-lgcc] ==> lib [gcc]
    arg [--as-needed] ==> ignore
    arg [-lgcc_s] ==> lib [gcc_s]
    arg [--no-as-needed] ==> ignore
    arg [-lc] ==> lib [c]
    arg [-lgcc] ==> lib [gcc]
    arg [--as-needed] ==> ignore
    arg [-lgcc_s] ==> lib [gcc_s]
    arg [--no-as-needed] ==> ignore
    arg [/usr/lib/gcc/x86_64-linux-gnu/5/crtend.o] ==> ignore
    arg [/usr/lib/gcc/x86_64-linux-gnu/5/../../../x86_64-linux-gnu/crtn.o] ==> ignore
  remove lib [gcc]
  remove lib [gcc_s]
  remove lib [gcc]
  remove lib [gcc_s]
  collapse library dir [/usr/lib/gcc/x86_64-linux-gnu/5] ==> [/usr/lib/gcc/x86_64-linux-gnu/5]
  collapse library dir [/usr/lib/gcc/x86_64-linux-gnu/5/../../../x86_64-linux-gnu] ==> [/usr/lib/x86_64-linux-gnu]
  collapse library dir [/usr/lib/gcc/x86_64-linux-gnu/5/../../../../lib] ==> [/usr/lib]
  collapse library dir [/lib/x86_64-linux-gnu] ==> [/lib/x86_64-linux-gnu]
  collapse library dir [/lib/../lib] ==> [/lib]
  collapse library dir [/usr/lib/x86_64-linux-gnu] ==> [/usr/lib/x86_64-linux-gnu]
  collapse library dir [/usr/lib/../lib] ==> [/usr/lib]
  collapse library dir [/usr/lib/gcc/x86_64-linux-gnu/5/../../..] ==> [/usr/lib]
  implicit libs: [c]
  implicit dirs: [/usr/lib/gcc/x86_64-linux-gnu/5;/usr/lib/x86_64-linux-gnu;/usr/lib;/lib/x86_64-linux-gnu;/lib]
  implicit fwks: []




Detecting C [-std=c11] compiler features compiled with the following output:
Change Dir: /home/praneet/ffmpeg_sources/aom_build/CMakeFiles/CMakeTmp

Run Build Command:"/usr/bin/make" "cmTC_f8c75/fast"
/usr/bin/make -f CMakeFiles/cmTC_f8c75.dir/build.make CMakeFiles/cmTC_f8c75.dir/build
make[1]: Entering directory '/home/praneet/ffmpeg_sources/aom_build/CMakeFiles/CMakeTmp'
Building C object CMakeFiles/cmTC_f8c75.dir/feature_tests.c.o
/usr/bin/cc    -std=c11 -o CMakeFiles/cmTC_f8c75.dir/feature_tests.c.o   -c /home/praneet/ffmpeg_sources/aom_build/CMakeFiles/feature_tests.c
Linking C executable cmTC_f8c75
/usr/bin/cmake -E cmake_link_script CMakeFiles/cmTC_f8c75.dir/link.txt --verbose=1
/usr/bin/cc       CMakeFiles/cmTC_f8c75.dir/feature_tests.c.o  -o cmTC_f8c75 
make[1]: Leaving directory '/home/praneet/ffmpeg_sources/aom_build/CMakeFiles/CMakeTmp'


    Feature record: C_FEATURE:1c_function_prototypes
    Feature record: C_FEATURE:1c_restrict
    Feature record: C_FEATURE:1c_static_assert
    Feature record: C_FEATURE:1c_variadic_macros


Detecting C [-std=c99] compiler features compiled with the following output:
Change Dir: /home/praneet/ffmpeg_sources/aom_build/CMakeFiles/CMakeTmp

Run Build Command:"/usr/bin/make" "cmTC_f5171/fast"
/usr/bin/make -f CMakeFiles/cmTC_f5171.dir/build.make CMakeFiles/cmTC_f5171.dir/build
make[1]: Entering directory '/home/praneet/ffmpeg_sources/aom_build/CMakeFiles/CMakeTmp'
Building C object CMakeFiles/cmTC_f5171.dir/feature_tests.c.o
/usr/bin/cc    -std=c99 -o CMakeFiles/cmTC_f5171.dir/feature_tests.c.o   -c /home/praneet/ffmpeg_sources/aom_build/CMakeFiles/feature_tests.c
Linking C executable cmTC_f5171
/usr/bin/cmake -E cmake_link_script CMakeFiles/cmTC_f5171.dir/link.txt --verbose=1
/usr/bin/cc       CMakeFiles/cmTC_f5171.dir/feature_tests.c.o  -o cmTC_f5171 
make[1]: Leaving directory '/home/praneet/ffmpeg_sources/aom_build/CMakeFiles/CMakeTmp'


    Feature record: C_FEATURE:1c_function_prototypes
    Feature record: C_FEATURE:1c_restrict
    Feature record: C_FEATURE:0c_static_assert
    Feature record: C_FEATURE:1c_variadic_macros


Detecting C [-std=c90] compiler features compiled with the following output:
Change Dir: /home/praneet/ffmpeg_sources/aom_build/CMakeFiles/CMakeTmp

Run Build Command:"/usr/bin/make" "cmTC_d0a2c/fast"
/usr/bin/make -f CMakeFiles/cmTC_d0a2c.dir/build.make CMakeFiles/cmTC_d0a2c.dir/build
make[1]: Entering directory '/home/praneet/ffmpeg_sources/aom_build/CMakeFiles/CMakeTmp'
Building C object CMakeFiles/cmTC_d0a2c.dir/feature_tests.c.o
/usr/bin/cc    -std=c90 -o CMakeFiles/cmTC_d0a2c.dir/feature_tests.c.o   -c /home/praneet/ffmpeg_sources/aom_build/CMakeFiles/feature_tests.c
Linking C executable cmTC_d0a2c
/usr/bin/cmake -E cmake_link_script CMakeFiles/cmTC_d0a2c.dir/link.txt --verbose=1
/usr/bin/cc       CMakeFiles/cmTC_d0a2c.dir/feature_tests.c.o  -o cmTC_d0a2c 
make[1]: Leaving directory '/home/praneet/ffmpeg_sources/aom_build/CMakeFiles/CMakeTmp'


    Feature record: C_FEATURE:1c_function_prototypes
    Feature record: C_FEATURE:0c_restrict
    Feature record: C_FEATURE:0c_static_assert
    Feature record: C_FEATURE:0c_variadic_macros
Determining if the CXX compiler works passed with the following output:
Change Dir: /home/praneet/ffmpeg_sources/aom_build/CMakeFiles/CMakeTmp

Run Build Command:"/usr/bin/make" "cmTC_4e7fc/fast"
/usr/bin/make -f CMakeFiles/cmTC_4e7fc.dir/build.make CMakeFiles/cmTC_4e7fc.dir/build
make[1]: Entering directory '/home/praneet/ffmpeg_sources/aom_build/CMakeFiles/CMakeTmp'
Building CXX object CMakeFiles/cmTC_4e7fc.dir/testCXXCompiler.cxx.o
/usr/bin/c++      -o CMakeFiles/cmTC_4e7fc.dir/testCXXCompiler.cxx.o -c /home/praneet/ffmpeg_sources/aom_build/CMakeFiles/CMakeTmp/testCXXCompiler.cxx
Linking CXX executable cmTC_4e7fc
/usr/bin/cmake -E cmake_link_script CMakeFiles/cmTC_4e7fc.dir/link.txt --verbose=1
/usr/bin/c++        CMakeFiles/cmTC_4e7fc.dir/testCXXCompiler.cxx.o  -o cmTC_4e7fc 
make[1]: Leaving directory '/home/praneet/ffmpeg_sources/aom_build/CMakeFiles/CMakeTmp'


Detecting CXX compiler ABI info compiled with the following output:
Change Dir: /home/praneet/ffmpeg_sources/aom_build/CMakeFiles/CMakeTmp

Run Build Command:"/usr/bin/make" "cmTC_a1e7d/fast"
/usr/bin/make -f CMakeFiles/cmTC_a1e7d.dir/build.make CMakeFiles/cmTC_a1e7d.dir/build
make[1]: Entering directory '/home/praneet/ffmpeg_sources/aom_build/CMakeFiles/CMakeTmp'
Building CXX object CMakeFiles/cmTC_a1e7d.dir/CMakeCXXCompilerABI.cpp.o
/usr/bin/c++      -o CMakeFiles/cmTC_a1e7d.dir/CMakeCXXCompilerABI.cpp.o -c /usr/share/cmake-3.5/Modules/CMakeCXXCompilerABI.cpp
Linking CXX executable cmTC_a1e7d
/usr/bin/cmake -E cmake_link_script CMakeFiles/cmTC_a1e7d.dir/link.txt --verbose=1
/usr/bin/c++       -v CMakeFiles/cmTC_a1e7d.dir/CMakeCXXCompilerABI.cpp.o  -o cmTC_a1e7d  
Using built-in specs.
COLLECT_GCC=/usr/bin/c++
COLLECT_LTO_WRAPPER=/usr/lib/gcc/x86_64-linux-gnu/5/lto-wrapper
Target: x86_64-linux-gnu
Configured with: ../src/configure -v --with-pkgversion='Ubuntu 5.4.0-6ubuntu1~16.04.10' --with-bugurl=file:///usr/share/doc/gcc-5/README.Bugs --enable-languages=c,ada,c++,java,go,d,fortran,objc,obj-c++ --prefix=/usr --program-suffix=-5 --enable-shared --enable-linker-build-id --libexecdir=/usr/lib --without-included-gettext --enable-threads=posix --libdir=/usr/lib --enable-nls --with-sysroot=/ --enable-clocale=gnu --enable-libstdcxx-debug --enable-libstdcxx-time=yes --with-default-libstdcxx-abi=new --enable-gnu-unique-object --disable-vtable-verify --enable-libmpx --enable-plugin --with-system-zlib --disable-browser-plugin --enable-java-awt=gtk --enable-gtk-cairo --with-java-home=/usr/lib/jvm/java-1.5.0-gcj-5-amd64/jre --enable-java-home --with-jvm-root-dir=/usr/lib/jvm/java-1.5.0-gcj-5-amd64 --with-jvm-jar-dir=/usr/lib/jvm-exports/java-1.5.0-gcj-5-amd64 --with-arch-directory=amd64 --with-ecj-jar=/usr/share/java/eclipse-ecj.jar --enable-objc-gc --enable-multiarch --disable-werror --with-arch-32=i686 --with-abi=m64 --with-multilib-list=m32,m64,mx32 --enable-multilib --with-tune=generic --enable-checking=release --build=x86_64-linux-gnu --host=x86_64-linux-gnu --target=x86_64-linux-gnu
Thread model: posix
gcc version 5.4.0 20160609 (Ubuntu 5.4.0-6ubuntu1~16.04.10) 
COMPILER_PATH=/usr/lib/gcc/x86_64-linux-gnu/5/:/usr/lib/gcc/x86_64-linux-gnu/5/:/usr/lib/gcc/x86_64-linux-gnu/:/usr/lib/gcc/x86_64-linux-gnu/5/:/usr/lib/gcc/x86_64-linux-gnu/
LIBRARY_PATH=/usr/lib/gcc/x86_64-linux-gnu/5/:/usr/lib/gcc/x86_64-linux-gnu/5/../../../x86_64-linux-gnu/:/usr/lib/gcc/x86_64-linux-gnu/5/../../../../lib/:/lib/x86_64-linux-gnu/:/lib/../lib/:/usr/lib/x86_64-linux-gnu/:/usr/lib/../lib/:/usr/lib/gcc/x86_64-linux-gnu/5/../../../:/lib/:/usr/lib/
COLLECT_GCC_OPTIONS='-v' '-o' 'cmTC_a1e7d' '-shared-libgcc' '-mtune=generic' '-march=x86-64'
 /usr/lib/gcc/x86_64-linux-gnu/5/collect2 -plugin /usr/lib/gcc/x86_64-linux-gnu/5/liblto_plugin.so -plugin-opt=/usr/lib/gcc/x86_64-linux-gnu/5/lto-wrapper -plugin-opt=-fresolution=/tmp/cc956agF.res -plugin-opt=-pass-through=-lgcc_s -plugin-opt=-pass-through=-lgcc -plugin-opt=-pass-through=-lc -plugin-opt=-pass-through=-lgcc_s -plugin-opt=-pass-through=-lgcc --sysroot=/ --build-id --eh-frame-hdr -m elf_x86_64 --hash-style=gnu --as-needed -dynamic-linker /lib64/ld-linux-x86-64.so.2 -z relro -o cmTC_a1e7d /usr/lib/gcc/x86_64-linux-gnu/5/../../../x86_64-linux-gnu/crt1.o /usr/lib/gcc/x86_64-linux-gnu/5/../../../x86_64-linux-gnu/crti.o /usr/lib/gcc/x86_64-linux-gnu/5/crtbegin.o -L/usr/lib/gcc/x86_64-linux-gnu/5 -L/usr/lib/gcc/x86_64-linux-gnu/5/../../../x86_64-linux-gnu -L/usr/lib/gcc/x86_64-linux-gnu/5/../../../../lib -L/lib/x86_64-linux-gnu -L/lib/../lib -L/usr/lib/x86_64-linux-gnu -L/usr/lib/../lib -L/usr/lib/gcc/x86_64-linux-gnu/5/../../.. CMakeFiles/cmTC_a1e7d.dir/CMakeCXXCompilerABI.cpp.o -lstdc++ -lm -lgcc_s -lgcc -lc -lgcc_s -lgcc /usr/lib/gcc/x86_64-linux-gnu/5/crtend.o /usr/lib/gcc/x86_64-linux-gnu/5/../../../x86_64-linux-gnu/crtn.o
make[1]: Leaving directory '/home/praneet/ffmpeg_sources/aom_build/CMakeFiles/CMakeTmp'


Parsed CXX implicit link information from above output:
  link line regex: [^( *|.*[/\])(ld|([^/\]+-)?ld|collect2)[^/\]*( |$)]
  ignore line: [Change Dir: /home/praneet/ffmpeg_sources/aom_build/CMakeFiles/CMakeTmp]
  ignore line: []
  ignore line: [Run Build Command:"/usr/bin/make" "cmTC_a1e7d/fast"]
  ignore line: [/usr/bin/make -f CMakeFiles/cmTC_a1e7d.dir/build.make CMakeFiles/cmTC_a1e7d.dir/build]
  ignore line: [make[1]: Entering directory '/home/praneet/ffmpeg_sources/aom_build/CMakeFiles/CMakeTmp']
  ignore line: [Building CXX object CMakeFiles/cmTC_a1e7d.dir/CMakeCXXCompilerABI.cpp.o]
  ignore line: [/usr/bin/c++      -o CMakeFiles/cmTC_a1e7d.dir/CMakeCXXCompilerABI.cpp.o -c /usr/share/cmake-3.5/Modules/CMakeCXXCompilerABI.cpp]
  ignore line: [Linking CXX executable cmTC_a1e7d]
  ignore line: [/usr/bin/cmake -E cmake_link_script CMakeFiles/cmTC_a1e7d.dir/link.txt --verbose=1]
  ignore line: [/usr/bin/c++       -v CMakeFiles/cmTC_a1e7d.dir/CMakeCXXCompilerABI.cpp.o  -o cmTC_a1e7d  ]
  ignore line: [Using built-in specs.]
  ignore line: [COLLECT_GCC=/usr/bin/c++]
  ignore line: [COLLECT_LTO_WRAPPER=/usr/lib/gcc/x86_64-linux-gnu/5/lto-wrapper]
  ignore line: [Target: x86_64-linux-gnu]
  ignore line: [Configured with: ../src/configure -v --with-pkgversion='Ubuntu 5.4.0-6ubuntu1~16.04.10' --with-bugurl=file:///usr/share/doc/gcc-5/README.Bugs --enable-languages=c,ada,c++,java,go,d,fortran,objc,obj-c++ --prefix=/usr --program-suffix=-5 --enable-shared --enable-linker-build-id --libexecdir=/usr/lib --without-included-gettext --enable-threads=posix --libdir=/usr/lib --enable-nls --with-sysroot=/ --enable-clocale=gnu --enable-libstdcxx-debug --enable-libstdcxx-time=yes --with-default-libstdcxx-abi=new --enable-gnu-unique-object --disable-vtable-verify --enable-libmpx --enable-plugin --with-system-zlib --disable-browser-plugin --enable-java-awt=gtk --enable-gtk-cairo --with-java-home=/usr/lib/jvm/java-1.5.0-gcj-5-amd64/jre --enable-java-home --with-jvm-root-dir=/usr/lib/jvm/java-1.5.0-gcj-5-amd64 --with-jvm-jar-dir=/usr/lib/jvm-exports/java-1.5.0-gcj-5-amd64 --with-arch-directory=amd64 --with-ecj-jar=/usr/share/java/eclipse-ecj.jar --enable-objc-gc --enable-multiarch --disable-werror --with-arch-32=i686 --with-abi=m64 --with-multilib-list=m32,m64,mx32 --enable-multilib --with-tune=generic --enable-checking=release --build=x86_64-linux-gnu --host=x86_64-linux-gnu --target=x86_64-linux-gnu]
  ignore line: [Thread model: posix]
  ignore line: [gcc version 5.4.0 20160609 (Ubuntu 5.4.0-6ubuntu1~16.04.10) ]
  ignore line: [COMPILER_PATH=/usr/lib/gcc/x86_64-linux-gnu/5/:/usr/lib/gcc/x86_64-linux-gnu/5/:/usr/lib/gcc/x86_64-linux-gnu/:/usr/lib/gcc/x86_64-linux-gnu/5/:/usr/lib/gcc/x86_64-linux-gnu/]
  ignore line: [LIBRARY_PATH=/usr/lib/gcc/x86_64-linux-gnu/5/:/usr/lib/gcc/x86_64-linux-gnu/5/../../../x86_64-linux-gnu/:/usr/lib/gcc/x86_64-linux-gnu/5/../../../../lib/:/lib/x86_64-linux-gnu/:/lib/../lib/:/usr/lib/x86_64-linux-gnu/:/usr/lib/../lib/:/usr/lib/gcc/x86_64-linux-gnu/5/../../../:/lib/:/usr/lib/]
  ignore line: [COLLECT_GCC_OPTIONS='-v' '-o' 'cmTC_a1e7d' '-shared-libgcc' '-mtune=generic' '-march=x86-64']
  link line: [ /usr/lib/gcc/x86_64-linux-gnu/5/collect2 -plugin /usr/lib/gcc/x86_64-linux-gnu/5/liblto_plugin.so -plugin-opt=/usr/lib/gcc/x86_64-linux-gnu/5/lto-wrapper -plugin-opt=-fresolution=/tmp/cc956agF.res -plugin-opt=-pass-through=-lgcc_s -plugin-opt=-pass-through=-lgcc -plugin-opt=-pass-through=-lc -plugin-opt=-pass-through=-lgcc_s -plugin-opt=-pass-through=-lgcc --sysroot=/ --build-id --eh-frame-hdr -m elf_x86_64 --hash-style=gnu --as-needed -dynamic-linker /lib64/ld-linux-x86-64.so.2 -z relro -o cmTC_a1e7d /usr/lib/gcc/x86_64-linux-gnu/5/../../../x86_64-linux-gnu/crt1.o /usr/lib/gcc/x86_64-linux-gnu/5/../../../x86_64-linux-gnu/crti.o /usr/lib/gcc/x86_64-linux-gnu/5/crtbegin.o -L/usr/lib/gcc/x86_64-linux-gnu/5 -L/usr/lib/gcc/x86_64-linux-gnu/5/../../../x86_64-linux-gnu -L/usr/lib/gcc/x86_64-linux-gnu/5/../../../../lib -L/lib/x86_64-linux-gnu -L/lib/../lib -L/usr/lib/x86_64-linux-gnu -L/usr/lib/../lib -L/usr/lib/gcc/x86_64-linux-gnu/5/../../.. CMakeFiles/cmTC_a1e7d.dir/CMakeCXXCompilerABI.cpp.o -lstdc++ -lm -lgcc_s -lgcc -lc -lgcc_s -lgcc /usr/lib/gcc/x86_64-linux-gnu/5/crtend.o /usr/lib/gcc/x86_64-linux-gnu/5/../../../x86_64-linux-gnu/crtn.o]
    arg [/usr/lib/gcc/x86_64-linux-gnu/5/collect2] ==> ignore
    arg [-plugin] ==> ignore
    arg [/usr/lib/gcc/x86_64-linux-gnu/5/liblto_plugin.so] ==> ignore
    arg [-plugin-opt=/usr/lib/gcc/x86_64-linux-gnu/5/lto-wrapper] ==> ignore
    arg [-plugin-opt=-fresolution=/tmp/cc956agF.res] ==> ignore
    arg [-plugin-opt=-pass-through=-lgcc_s] ==> ignore
    arg [-plugin-opt=-pass-through=-lgcc] ==> ignore
    arg [-plugin-opt=-pass-through=-lc] ==> ignore
    arg [-plugin-opt=-pass-through=-lgcc_s] ==> ignore
    arg [-plugin-opt=-pass-through=-lgcc] ==> ignore
    arg [--sysroot=/] ==> ignore
    arg [--build-id] ==> ignore
    arg [--eh-frame-hdr] ==> ignore
    arg [-m] ==> ignore
    arg [elf_x86_64] ==> ignore
    arg [--hash-style=gnu] ==> ignore
    arg [--as-needed] ==> ignore
    arg [-dynamic-linker] ==> ignore
    arg [/lib64/ld-linux-x86-64.so.2] ==> ignore
    arg [-zrelro] ==> ignore
    arg [-o] ==> ignore
    arg [cmTC_a1e7d] ==> ignore
    arg [/usr/lib/gcc/x86_64-linux-gnu/5/../../../x86_64-linux-gnu/crt1.o] ==> ignore
    arg [/usr/lib/gcc/x86_64-linux-gnu/5/../../../x86_64-linux-gnu/crti.o] ==> ignore
    arg [/usr/lib/gcc/x86_64-linux-gnu/5/crtbegin.o] ==> ignore
    arg [-L/usr/lib/gcc/x86_64-linux-gnu/5] ==> dir [/usr/lib/gcc/x86_64-linux-gnu/5]
    arg [-L/usr/lib/gcc/x86_64-linux-gnu/5/../../../x86_64-linux-gnu] ==> dir [/usr/lib/gcc/x86_64-linux-gnu/5/../../../x86_64-linux-gnu]
    arg [-L/usr/lib/gcc/x86_64-linux-gnu/5/../../../../lib] ==> dir [/usr/lib/gcc/x86_64-linux-gnu/5/../../../../lib]
    arg [-L/lib/x86_64-linux-gnu] ==> dir [/lib/x86_64-linux-gnu]
    arg [-L/lib/../lib] ==> dir [/lib/../lib]
    arg [-L/usr/lib/x86_64-linux-gnu] ==> dir [/usr/lib/x86_64-linux-gnu]
    arg [-L/usr/lib/../lib] ==> dir [/usr/lib/../lib]
    arg [-L/usr/lib/gcc/x86_64-linux-gnu/5/../../..] ==> dir [/usr/lib/gcc/x86_64-linux-gnu/5/../../..]
    arg [CMakeFiles/cmTC_a1e7d.dir/CMakeCXXCompilerABI.cpp.o] ==> ignore
    arg [-lstdc++] ==> lib [stdc++]
    arg [-lm] ==> lib [m]
    arg [-lgcc_s] ==> lib [gcc_s]
    arg [-lgcc] ==> lib [gcc]
    arg [-lc] ==> lib [c]
    arg [-lgcc_s] ==> lib [gcc_s]
    arg [-lgcc] ==> lib [gcc]
    arg [/usr/lib/gcc/x86_64-linux-gnu/5/crtend.o] ==> ignore
    arg [/usr/lib/gcc/x86_64-linux-gnu/5/../../../x86_64-linux-gnu/crtn.o] ==> ignore
  remove lib [gcc_s]
  remove lib [gcc]
  remove lib [gcc_s]
  remove lib [gcc]
  collapse library dir [/usr/lib/gcc/x86_64-linux-gnu/5] ==> [/usr/lib/gcc/x86_64-linux-gnu/5]
  collapse library dir [/usr/lib/gcc/x86_64-linux-gnu/5/../../../x86_64-linux-gnu] ==> [/usr/lib/x86_64-linux-gnu]
  collapse library dir [/usr/lib/gcc/x86_64-linux-gnu/5/../../../../lib] ==> [/usr/lib]
  collapse library dir [/lib/x86_64-linux-gnu] ==> [/lib/x86_64-linux-gnu]
  collapse library dir [/lib/../lib] ==> [/lib]
  collapse library dir [/usr/lib/x86_64-linux-gnu] ==> [/usr/lib/x86_64-linux-gnu]
  collapse library dir [/usr/lib/../lib] ==> [/usr/lib]
  collapse library dir [/usr/lib/gcc/x86_64-linux-gnu/5/../../..] ==> [/usr/lib]
  implicit libs: [stdc++;m;c]
  implicit dirs: [/usr/lib/gcc/x86_64-linux-gnu/5;/usr/lib/x86_64-linux-gnu;/usr/lib;/lib/x86_64-linux-gnu;/lib]
  implicit fwks: []




Detecting CXX [-std=c++14] compiler features compiled with the following output:
Change Dir: /home/praneet/ffmpeg_sources/aom_build/CMakeFiles/CMakeTmp

Run Build Command:"/usr/bin/make" "cmTC_8aae8/fast"
/usr/bin/make -f CMakeFiles/cmTC_8aae8.dir/build.make CMakeFiles/cmTC_8aae8.dir/build
make[1]: Entering directory '/home/praneet/ffmpeg_sources/aom_build/CMakeFiles/CMakeTmp'
Building CXX object CMakeFiles/cmTC_8aae8.dir/feature_tests.cxx.o
/usr/bin/c++     -std=c++14 -o CMakeFiles/cmTC_8aae8.dir/feature_tests.cxx.o -c /home/praneet/ffmpeg_sources/aom_build/CMakeFiles/feature_tests.cxx
Linking CXX executable cmTC_8aae8
/usr/bin/cmake -E cmake_link_script CMakeFiles/cmTC_8aae8.dir/link.txt --verbose=1
/usr/bin/c++        CMakeFiles/cmTC_8aae8.dir/feature_tests.cxx.o  -o cmTC_8aae8 
make[1]: Leaving directory '/home/praneet/ffmpeg_sources/aom_build/CMakeFiles/CMakeTmp'


    Feature record: CXX_FEATURE:1cxx_aggregate_default_initializers
    Feature record: CXX_FEATURE:1cxx_alias_templates
    Feature record: CXX_FEATURE:1cxx_alignas
    Feature record: CXX_FEATURE:1cxx_alignof
    Feature record: CXX_FEATURE:1cxx_attributes
    Feature record: CXX_FEATURE:1cxx_attribute_deprecated
    Feature record: CXX_FEATURE:1cxx_auto_type
    Feature record: CXX_FEATURE:1cxx_binary_literals
    Feature record: CXX_FEATURE:1cxx_constexpr
    Feature record: CXX_FEATURE:1cxx_contextual_conversions
    Feature record: CXX_FEATURE:1cxx_decltype
    Feature record: CXX_FEATURE:1cxx_decltype_auto
    Feature record: CXX_FEATURE:1cxx_decltype_incomplete_return_types
    Feature record: CXX_FEATURE:1cxx_default_function_template_args
    Feature record: CXX_FEATURE:1cxx_defaulted_functions
    Feature record: CXX_FEATURE:1cxx_defaulted_move_initializers
    Feature record: CXX_FEATURE:1cxx_delegating_constructors
    Feature record: CXX_FEATURE:1cxx_deleted_functions
    Feature record: CXX_FEATURE:1cxx_digit_separators
    Feature record: CXX_FEATURE:1cxx_enum_forward_declarations
    Feature record: CXX_FEATURE:1cxx_explicit_conversions
    Feature record: CXX_FEATURE:1cxx_extended_friend_declarations
    Feature record: CXX_FEATURE:1cxx_extern_templates
    Feature record: CXX_FEATURE:1cxx_final
    Feature record: CXX_FEATURE:1cxx_func_identifier
    Feature record: CXX_FEATURE:1cxx_generalized_initializers
    Feature record: CXX_FEATURE:1cxx_generic_lambdas
    Feature record: CXX_FEATURE:1cxx_inheriting_constructors
    Feature record: CXX_FEATURE:1cxx_inline_namespaces
    Feature record: CXX_FEATURE:1cxx_lambdas
    Feature record: CXX_FEATURE:1cxx_lambda_init_captures
    Feature record: CXX_FEATURE:1cxx_local_type_template_args
    Feature record: CXX_FEATURE:1cxx_long_long_type
    Feature record: CXX_FEATURE:1cxx_noexcept
    Feature record: CXX_FEATURE:1cxx_nonstatic_member_init
    Feature record: CXX_FEATURE:1cxx_nullptr
    Feature record: CXX_FEATURE:1cxx_override
    Feature record: CXX_FEATURE:1cxx_range_for
    Feature record: CXX_FEATURE:1cxx_raw_string_literals
    Feature record: CXX_FEATURE:1cxx_reference_qualified_functions
    Feature record: CXX_FEATURE:1cxx_relaxed_constexpr
    Feature record: CXX_FEATURE:1cxx_return_type_deduction
    Feature record: CXX_FEATURE:1cxx_right_angle_brackets
    Feature record: CXX_FEATURE:1cxx_rvalue_references
    Feature record: CXX_FEATURE:1cxx_sizeof_member
    Feature record: CXX_FEATURE:1cxx_static_assert
    Feature record: CXX_FEATURE:1cxx_strong_enums
    Feature record: CXX_FEATURE:1cxx_template_template_parameters
    Feature record: CXX_FEATURE:1cxx_thread_local
    Feature record: CXX_FEATURE:1cxx_trailing_return_types
    Feature record: CXX_FEATURE:1cxx_unicode_literals
    Feature record: CXX_FEATURE:1cxx_uniform_initialization
    Feature record: CXX_FEATURE:1cxx_unrestricted_unions
    Feature record: CXX_FEATURE:1cxx_user_literals
    Feature record: CXX_FEATURE:1cxx_variable_templates
    Feature record: CXX_FEATURE:1cxx_variadic_macros
    Feature record: CXX_FEATURE:1cxx_variadic_templates


Detecting CXX [-std=c++11] compiler features compiled with the following output:
Change Dir: /home/praneet/ffmpeg_sources/aom_build/CMakeFiles/CMakeTmp

Run Build Command:"/usr/bin/make" "cmTC_89eb8/fast"
/usr/bin/make -f CMakeFiles/cmTC_89eb8.dir/build.make CMakeFiles/cmTC_89eb8.dir/build
make[1]: Entering directory '/home/praneet/ffmpeg_sources/aom_build/CMakeFiles/CMakeTmp'
Building CXX object CMakeFiles/cmTC_89eb8.dir/feature_tests.cxx.o
/usr/bin/c++     -std=c++11 -o CMakeFiles/cmTC_89eb8.dir/feature_tests.cxx.o -c /home/praneet/ffmpeg_sources/aom_build/CMakeFiles/feature_tests.cxx
Linking CXX executable cmTC_89eb8
/usr/bin/cmake -E cmake_link_script CMakeFiles/cmTC_89eb8.dir/link.txt --verbose=1
/usr/bin/c++        CMakeFiles/cmTC_89eb8.dir/feature_tests.cxx.o  -o cmTC_89eb8 
make[1]: Leaving directory '/home/praneet/ffmpeg_sources/aom_build/CMakeFiles/CMakeTmp'


    Feature record: CXX_FEATURE:0cxx_aggregate_default_initializers
    Feature record: CXX_FEATURE:1cxx_alias_templates
    Feature record: CXX_FEATURE:1cxx_alignas
    Feature record: CXX_FEATURE:1cxx_alignof
    Feature record: CXX_FEATURE:1cxx_attributes
    Feature record: CXX_FEATURE:0cxx_attribute_deprecated
    Feature record: CXX_FEATURE:1cxx_auto_type
    Feature record: CXX_FEATURE:0cxx_binary_literals
    Feature record: CXX_FEATURE:1cxx_constexpr
    Feature record: CXX_FEATURE:0cxx_contextual_conversions
    Feature record: CXX_FEATURE:1cxx_decltype
    Feature record: CXX_FEATURE:0cxx_decltype_auto
    Feature record: CXX_FEATURE:1cxx_decltype_incomplete_return_types
    Feature record: CXX_FEATURE:1cxx_default_function_template_args
    Feature record: CXX_FEATURE:1cxx_defaulted_functions
    Feature record: CXX_FEATURE:1cxx_defaulted_move_initializers
    Feature record: CXX_FEATURE:1cxx_delegating_constructors
    Feature record: CXX_FEATURE:1cxx_deleted_functions
    Feature record: CXX_FEATURE:0cxx_digit_separators
    Feature record: CXX_FEATURE:1cxx_enum_forward_declarations
    Feature record: CXX_FEATURE:1cxx_explicit_conversions
    Feature record: CXX_FEATURE:1cxx_extended_friend_declarations
    Feature record: CXX_FEATURE:1cxx_extern_templates
    Feature record: CXX_FEATURE:1cxx_final
    Feature record: CXX_FEATURE:1cxx_func_identifier
    Feature record: CXX_FEATURE:1cxx_generalized_initializers
    Feature record: CXX_FEATURE:0cxx_generic_lambdas
    Feature record: CXX_FEATURE:1cxx_inheriting_constructors
    Feature record: CXX_FEATURE:1cxx_inline_namespaces
    Feature record: CXX_FEATURE:1cxx_lambdas
    Feature record: CXX_FEATURE:0cxx_lambda_init_captures
    Feature record: CXX_FEATURE:1cxx_local_type_template_args
    Feature record: CXX_FEATURE:1cxx_long_long_type
    Feature record: CXX_FEATURE:1cxx_noexcept
    Feature record: CXX_FEATURE:1cxx_nonstatic_member_init
    Feature record: CXX_FEATURE:1cxx_nullptr
    Feature record: CXX_FEATURE:1cxx_override
    Feature record: CXX_FEATURE:1cxx_range_for
    Feature record: CXX_FEATURE:1cxx_raw_string_literals
    Feature record: CXX_FEATURE:1cxx_reference_qualified_functions
    Feature record: CXX_FEATURE:0cxx_relaxed_constexpr
    Feature record: CXX_FEATURE:0cxx_return_type_deduction
    Feature record: CXX_FEATURE:1cxx_right_angle_brackets
    Feature record: CXX_FEATURE:1cxx_rvalue_references
    Feature record: CXX_FEATURE:1cxx_sizeof_member
    Feature record: CXX_FEATURE:1cxx_static_assert
    Feature record: CXX_FEATURE:1cxx_strong_enums
    Feature record: CXX_FEATURE:1cxx_template_template_parameters
    Feature record: CXX_FEATURE:1cxx_thread_local
    Feature record: CXX_FEATURE:1cxx_trailing_return_types
    Feature record: CXX_FEATURE:1cxx_unicode_literals
    Feature record: CXX_FEATURE:1cxx_uniform_initialization
    Feature record: CXX_FEATURE:1cxx_unrestricted_unions
    Feature record: CXX_FEATURE:1cxx_user_literals
    Feature record: CXX_FEATURE:0cxx_variable_templates
    Feature record: CXX_FEATURE:1cxx_variadic_macros
    Feature record: CXX_FEATURE:1cxx_variadic_templates


Detecting CXX [-std=c++98] compiler features compiled with the following output:
Change Dir: /home/praneet/ffmpeg_sources/aom_build/CMakeFiles/CMakeTmp

Run Build Command:"/usr/bin/make" "cmTC_73390/fast"
/usr/bin/make -f CMakeFiles/cmTC_73390.dir/build.make CMakeFiles/cmTC_73390.dir/build
make[1]: Entering directory '/home/praneet/ffmpeg_sources/aom_build/CMakeFiles/CMakeTmp'
Building CXX object CMakeFiles/cmTC_73390.dir/feature_tests.cxx.o
/usr/bin/c++     -std=c++98 -o CMakeFiles/cmTC_73390.dir/feature_tests.cxx.o -c /home/praneet/ffmpeg_sources/aom_build/CMakeFiles/feature_tests.cxx
Linking CXX executable cmTC_73390
/usr/bin/cmake -E cmake_link_script CMakeFiles/cmTC_73390.dir/link.txt --verbose=1
/usr/bin/c++        CMakeFiles/cmTC_73390.dir/feature_tests.cxx.o  -o cmTC_73390 
make[1]: Leaving directory '/home/praneet/ffmpeg_sources/aom_build/CMakeFiles/CMakeTmp'


    Feature record: CXX_FEATURE:0cxx_aggregate_default_initializers
    Feature record: CXX_FEATURE:0cxx_alias_templates
    Feature record: CXX_FEATURE:0cxx_alignas
    Feature record: CXX_FEATURE:0cxx_alignof
    Feature record: CXX_FEATURE:0cxx_attributes
    Feature record: CXX_FEATURE:0cxx_attribute_deprecated
    Feature record: CXX_FEATURE:0cxx_auto_type
    Feature record: CXX_FEATURE:0cxx_binary_literals
    Feature record: CXX_FEATURE:0cxx_constexpr
    Feature record: CXX_FEATURE:0cxx_contextual_conversions
    Feature record: CXX_FEATURE:0cxx_decltype
    Feature record: CXX_FEATURE:0cxx_decltype_auto
    Feature record: CXX_FEATURE:0cxx_decltype_incomplete_return_types
    Feature record: CXX_FEATURE:0cxx_default_function_template_args
    Feature record: CXX_FEATURE:0cxx_defaulted_functions
    Feature record: CXX_FEATURE:0cxx_defaulted_move_initializers
    Feature record: CXX_FEATURE:0cxx_delegating_constructors
    Feature record: CXX_FEATURE:0cxx_deleted_functions
    Feature record: CXX_FEATURE:0cxx_digit_separators
    Feature record: CXX_FEATURE:0cxx_enum_forward_declarations
    Feature record: CXX_FEATURE:0cxx_explicit_conversions
    Feature record: CXX_FEATURE:0cxx_extended_friend_declarations
    Feature record: CXX_FEATURE:0cxx_extern_templates
    Feature record: CXX_FEATURE:0cxx_final
    Feature record: CXX_FEATURE:0cxx_func_identifier
    Feature record: CXX_FEATURE:0cxx_generalized_initializers
    Feature record: CXX_FEATURE:0cxx_generic_lambdas
    Feature record: CXX_FEATURE:0cxx_inheriting_constructors
    Feature record: CXX_FEATURE:0cxx_inline_namespaces
    Feature record: CXX_FEATURE:0cxx_lambdas
    Feature record: CXX_FEATURE:0cxx_lambda_init_captures
    Feature record: CXX_FEATURE:0cxx_local_type_template_args
    Feature record: CXX_FEATURE:0cxx_long_long_type
    Feature record: CXX_FEATURE:0cxx_noexcept
    Feature record: CXX_FEATURE:0cxx_nonstatic_member_init
    Feature record: CXX_FEATURE:0cxx_nullptr
    Feature record: CXX_FEATURE:0cxx_override
    Feature record: CXX_FEATURE:0cxx_range_for
    Feature record: CXX_FEATURE:0cxx_raw_string_literals
    Feature record: CXX_FEATURE:0cxx_reference_qualified_functions
    Feature record: CXX_FEATURE:0cxx_relaxed_constexpr
    Feature record: CXX_FEATURE:0cxx_return_type_deduction
    Feature record: CXX_FEATURE:0cxx_right_angle_brackets
    Feature record: CXX_FEATURE:0cxx_rvalue_references
    Feature record: CXX_FEATURE:0cxx_sizeof_member
    Feature record: CXX_FEATURE:0cxx_static_assert
    Feature record: CXX_FEATURE:0cxx_strong_enums
    Feature record: CXX_FEATURE:1cxx_template_template_parameters
    Feature record: CXX_FEATURE:0cxx_thread_local
    Feature record: CXX_FEATURE:0cxx_trailing_return_types
    Feature record: CXX_FEATURE:0cxx_unicode_literals
    Feature record: CXX_FEATURE:0cxx_uniform_initialization
    Feature record: CXX_FEATURE:0cxx_unrestricted_unions
    Feature record: CXX_FEATURE:0cxx_user_literals
    Feature record: CXX_FEATURE:0cxx_variable_templates
    Feature record: CXX_FEATURE:0cxx_variadic_macros
    Feature record: CXX_FEATURE:0cxx_variadic_templates
Determining if the include file pthread.h exists passed with the following output:
Change Dir: /home/praneet/ffmpeg_sources/aom_build/CMakeFiles/CMakeTmp

Run Build Command:"/usr/bin/make" "cmTC_f30b8/fast"
/usr/bin/make -f CMakeFiles/cmTC_f30b8.dir/build.make CMakeFiles/cmTC_f30b8.dir/build
make[1]: Entering directory '/home/praneet/ffmpeg_sources/aom_build/CMakeFiles/CMakeTmp'
Building C object CMakeFiles/cmTC_f30b8.dir/CheckIncludeFile.c.o
/usr/bin/cc     -o CMakeFiles/cmTC_f30b8.dir/CheckIncludeFile.c.o   -c /home/praneet/ffmpeg_sources/aom_build/CMakeFiles/CMakeTmp/CheckIncludeFile.c
Linking C executable cmTC_f30b8
/usr/bin/cmake -E cmake_link_script CMakeFiles/cmTC_f30b8.dir/link.txt --verbose=1
/usr/bin/cc       CMakeFiles/cmTC_f30b8.dir/CheckIncludeFile.c.o  -o cmTC_f30b8 
make[1]: Leaving directory '/home/praneet/ffmpeg_sources/aom_build/CMakeFiles/CMakeTmp'


Determining if the function pthread_create exists in the pthread passed with the following output:
Change Dir: /home/praneet/ffmpeg_sources/aom_build/CMakeFiles/CMakeTmp

Run Build Command:"/usr/bin/make" "cmTC_4fef1/fast"
/usr/bin/make -f CMakeFiles/cmTC_4fef1.dir/build.make CMakeFiles/cmTC_4fef1.dir/build
make[1]: Entering directory '/home/praneet/ffmpeg_sources/aom_build/CMakeFiles/CMakeTmp'
Building C object CMakeFiles/cmTC_4fef1.dir/CheckFunctionExists.c.o
/usr/bin/cc    -DCHECK_FUNCTION_EXISTS=pthread_create   -o CMakeFiles/cmTC_4fef1.dir/CheckFunctionExists.c.o   -c /usr/share/cmake-3.5/Modules/CheckFunctionExists.c
Linking C executable cmTC_4fef1
/usr/bin/cmake -E cmake_link_script CMakeFiles/cmTC_4fef1.dir/link.txt --verbose=1
/usr/bin/cc   -DCHECK_FUNCTION_EXISTS=pthread_create    CMakeFiles/cmTC_4fef1.dir/CheckFunctionExists.c.o  -o cmTC_4fef1 -lpthread 
make[1]: Leaving directory '/home/praneet/ffmpeg_sources/aom_build/CMakeFiles/CMakeTmp'


Performing C SOURCE FILE Test C_TEST_COMPILED succeeded with the following output:
Change Dir: /home/praneet/ffmpeg_sources/aom_build/CMakeFiles/CMakeTmp

Run Build Command:"/usr/bin/make" "cmTC_b2ea2/fast"
/usr/bin/make -f CMakeFiles/cmTC_b2ea2.dir/build.make CMakeFiles/cmTC_b2ea2.dir/build
make[1]: Entering directory '/home/praneet/ffmpeg_sources/aom_build/CMakeFiles/CMakeTmp'
Building C object CMakeFiles/cmTC_b2ea2.dir/src.c.o
/usr/bin/cc    -DC_TEST_COMPILED   -o CMakeFiles/cmTC_b2ea2.dir/src.c.o   -c /home/praneet/ffmpeg_sources/aom_build/CMakeFiles/CMakeTmp/src.c
Linking C executable cmTC_b2ea2
/usr/bin/cmake -E cmake_link_script CMakeFiles/cmTC_b2ea2.dir/link.txt --verbose=1
/usr/bin/cc   -DC_TEST_COMPILED    CMakeFiles/cmTC_b2ea2.dir/src.c.o  -o cmTC_b2ea2 
make[1]: Leaving directory '/home/praneet/ffmpeg_sources/aom_build/CMakeFiles/CMakeTmp'

Source file was:
static inline void function(void) {} 
int main(void) { return 0; }
Performing C++ SOURCE FILE Test CXX_TEST_COMPILED succeeded with the following output:
Change Dir: /home/praneet/ffmpeg_sources/aom_build/CMakeFiles/CMakeTmp

Run Build Command:"/usr/bin/make" "cmTC_7b623/fast"
/usr/bin/make -f CMakeFiles/cmTC_7b623.dir/build.make CMakeFiles/cmTC_7b623.dir/build
make[1]: Entering directory '/home/praneet/ffmpeg_sources/aom_build/CMakeFiles/CMakeTmp'
Building CXX object CMakeFiles/cmTC_7b623.dir/src.cxx.o
/usr/bin/c++     -DCXX_TEST_COMPILED   -o CMakeFiles/cmTC_7b623.dir/src.cxx.o -c /home/praneet/ffmpeg_sources/aom_build/CMakeFiles/CMakeTmp/src.cxx
Linking CXX executable cmTC_7b623
/usr/bin/cmake -E cmake_link_script CMakeFiles/cmTC_7b623.dir/link.txt --verbose=1
/usr/bin/c++    -DCXX_TEST_COMPILED    CMakeFiles/cmTC_7b623.dir/src.cxx.o  -o cmTC_7b623 
make[1]: Leaving directory '/home/praneet/ffmpeg_sources/aom_build/CMakeFiles/CMakeTmp'

Source file was:
static inline void function(void) {} 
int main() { return 0; }
Performing C SOURCE FILE Test C_TEST_COMPILED succeeded with the following output:
Change Dir: /home/praneet/ffmpeg_sources/aom_build/CMakeFiles/CMakeTmp

Run Build Command:"/usr/bin/make" "cmTC_1df1b/fast"
/usr/bin/make -f CMakeFiles/cmTC_1df1b.dir/build.make CMakeFiles/cmTC_1df1b.dir/build
make[1]: Entering directory '/home/praneet/ffmpeg_sources/aom_build/CMakeFiles/CMakeTmp'
Building C object CMakeFiles/cmTC_1df1b.dir/src.c.o
/usr/bin/cc    -DC_TEST_COMPILED   -o CMakeFiles/cmTC_1df1b.dir/src.c.o   -c /home/praneet/ffmpeg_sources/aom_build/CMakeFiles/CMakeTmp/src.c
Linking C executable cmTC_1df1b
/usr/bin/cmake -E cmake_link_script CMakeFiles/cmTC_1df1b.dir/link.txt --verbose=1
/usr/bin/cc   -DC_TEST_COMPILED    CMakeFiles/cmTC_1df1b.dir/src.c.o  -o cmTC_1df1b 
make[1]: Leaving directory '/home/praneet/ffmpeg_sources/aom_build/CMakeFiles/CMakeTmp'

Source file was:
#include <unistd.h> 
int main(void) { return 0; }
Performing C++ SOURCE FILE Test CXX_TEST_COMPILED succeeded with the following output:
Change Dir: /home/praneet/ffmpeg_sources/aom_build/CMakeFiles/CMakeTmp

Run Build Command:"/usr/bin/make" "cmTC_bca58/fast"
/usr/bin/make -f CMakeFiles/cmTC_bca58.dir/build.make CMakeFiles/cmTC_bca58.dir/build
make[1]: Entering directory '/home/praneet/ffmpeg_sources/aom_build/CMakeFiles/CMakeTmp'
Building CXX object CMakeFiles/cmTC_bca58.dir/src.cxx.o
/usr/bin/c++     -DCXX_TEST_COMPILED   -o CMakeFiles/cmTC_bca58.dir/src.cxx.o -c /home/praneet/ffmpeg_sources/aom_build/CMakeFiles/CMakeTmp/src.cxx
Linking CXX executable cmTC_bca58
/usr/bin/cmake -E cmake_link_script CMakeFiles/cmTC_bca58.dir/link.txt --verbose=1
/usr/bin/c++    -DCXX_TEST_COMPILED    CMakeFiles/cmTC_bca58.dir/src.cxx.o  -o cmTC_bca58 
make[1]: Leaving directory '/home/praneet/ffmpeg_sources/aom_build/CMakeFiles/CMakeTmp'

Source file was:
#include <unistd.h> 
int main() { return 0; }
Performing C SOURCE FILE Test C_TEST_COMPILED succeeded with the following output:
Change Dir: /home/praneet/ffmpeg_sources/aom_build/CMakeFiles/CMakeTmp

Run Build Command:"/usr/bin/make" "cmTC_5d3a4/fast"
/usr/bin/make -f CMakeFiles/cmTC_5d3a4.dir/build.make CMakeFiles/cmTC_5d3a4.dir/build
make[1]: Entering directory '/home/praneet/ffmpeg_sources/aom_build/CMakeFiles/CMakeTmp'
Building C object CMakeFiles/cmTC_5d3a4.dir/src.c.o
/usr/bin/cc    -DC_TEST_COMPILED   -o CMakeFiles/cmTC_5d3a4.dir/src.c.o   -c /home/praneet/ffmpeg_sources/aom_build/CMakeFiles/CMakeTmp/src.c
Linking C executable cmTC_5d3a4
/usr/bin/cmake -E cmake_link_script CMakeFiles/cmTC_5d3a4.dir/link.txt --verbose=1
/usr/bin/cc   -DC_TEST_COMPILED    CMakeFiles/cmTC_5d3a4.dir/src.c.o  -o cmTC_5d3a4 -lm 
make[1]: Leaving directory '/home/praneet/ffmpeg_sources/aom_build/CMakeFiles/CMakeTmp'

Source file was:
#define _GNU_SOURCE
                        #include <fenv.h>
                        void unused(void) {
                          (void)unused;
                          (void)feenableexcept(FE_DIVBYZERO | FE_INVALID);
                        } 
int main(void) { return 0; }
Performing C SOURCE FILE Test HAVE_C_FLAG succeeded with the following output:
Change Dir: /home/praneet/ffmpeg_sources/aom_build/CMakeFiles/CMakeTmp

Run Build Command:"/usr/bin/make" "cmTC_f3487/fast"
/usr/bin/make -f CMakeFiles/cmTC_f3487.dir/build.make CMakeFiles/cmTC_f3487.dir/build
make[1]: Entering directory '/home/praneet/ffmpeg_sources/aom_build/CMakeFiles/CMakeTmp'
Building C object CMakeFiles/cmTC_f3487.dir/src.c.o
/usr/bin/cc    -DHAVE_C_FLAG   -std=c99 -o CMakeFiles/cmTC_f3487.dir/src.c.o   -c /home/praneet/ffmpeg_sources/aom_build/CMakeFiles/CMakeTmp/src.c
Linking C executable cmTC_f3487
/usr/bin/cmake -E cmake_link_script CMakeFiles/cmTC_f3487.dir/link.txt --verbose=1
/usr/bin/cc   -DHAVE_C_FLAG    CMakeFiles/cmTC_f3487.dir/src.c.o  -o cmTC_f3487 -lm 
make[1]: Leaving directory '/home/praneet/ffmpeg_sources/aom_build/CMakeFiles/CMakeTmp'

Source file was:
int main(void) { return 0; }
Performing C SOURCE FILE Test C_FLAG_SUPPORTED succeeded with the following output:
Change Dir: /home/praneet/ffmpeg_sources/aom_build/CMakeFiles/CMakeTmp

Run Build Command:"/usr/bin/make" "cmTC_5c7e4/fast"
/usr/bin/make -f CMakeFiles/cmTC_5c7e4.dir/build.make CMakeFiles/cmTC_5c7e4.dir/build
make[1]: Entering directory '/home/praneet/ffmpeg_sources/aom_build/CMakeFiles/CMakeTmp'
Building C object CMakeFiles/cmTC_5c7e4.dir/src.c.o
/usr/bin/cc    -DC_FLAG_SUPPORTED   -Wall -o CMakeFiles/cmTC_5c7e4.dir/src.c.o   -c /home/praneet/ffmpeg_sources/aom_build/CMakeFiles/CMakeTmp/src.c
Linking C executable cmTC_5c7e4
/usr/bin/cmake -E cmake_link_script CMakeFiles/cmTC_5c7e4.dir/link.txt --verbose=1
/usr/bin/cc   -DC_FLAG_SUPPORTED    CMakeFiles/cmTC_5c7e4.dir/src.c.o  -o cmTC_5c7e4 -lm 
make[1]: Leaving directory '/home/praneet/ffmpeg_sources/aom_build/CMakeFiles/CMakeTmp'

Source file was:
int main(void) { return 0; }
Performing C++ SOURCE FILE Test CXX_FLAG_SUPPORTED succeeded with the following output:
Change Dir: /home/praneet/ffmpeg_sources/aom_build/CMakeFiles/CMakeTmp

Run Build Command:"/usr/bin/make" "cmTC_566e0/fast"
/usr/bin/make -f CMakeFiles/cmTC_566e0.dir/build.make CMakeFiles/cmTC_566e0.dir/build
make[1]: Entering directory '/home/praneet/ffmpeg_sources/aom_build/CMakeFiles/CMakeTmp'
Building CXX object CMakeFiles/cmTC_566e0.dir/src.cxx.o
/usr/bin/c++     -DCXX_FLAG_SUPPORTED   -Wall -o CMakeFiles/cmTC_566e0.dir/src.cxx.o -c /home/praneet/ffmpeg_sources/aom_build/CMakeFiles/CMakeTmp/src.cxx
Linking CXX executable cmTC_566e0
/usr/bin/cmake -E cmake_link_script CMakeFiles/cmTC_566e0.dir/link.txt --verbose=1
/usr/bin/c++    -DCXX_FLAG_SUPPORTED    CMakeFiles/cmTC_566e0.dir/src.cxx.o  -o cmTC_566e0 -lm 
make[1]: Leaving directory '/home/praneet/ffmpeg_sources/aom_build/CMakeFiles/CMakeTmp'

Source file was:
int main() { return 0; }
Performing C SOURCE FILE Test C_FLAG_SUPPORTED succeeded with the following output:
Change Dir: /home/praneet/ffmpeg_sources/aom_build/CMakeFiles/CMakeTmp

Run Build Command:"/usr/bin/make" "cmTC_643ec/fast"
/usr/bin/make -f CMakeFiles/cmTC_643ec.dir/build.make CMakeFiles/cmTC_643ec.dir/build
make[1]: Entering directory '/home/praneet/ffmpeg_sources/aom_build/CMakeFiles/CMakeTmp'
Building C object CMakeFiles/cmTC_643ec.dir/src.c.o
/usr/bin/cc    -DC_FLAG_SUPPORTED   -Wdisabled-optimization -o CMakeFiles/cmTC_643ec.dir/src.c.o   -c /home/praneet/ffmpeg_sources/aom_build/CMakeFiles/CMakeTmp/src.c
Linking C executable cmTC_643ec
/usr/bin/cmake -E cmake_link_script CMakeFiles/cmTC_643ec.dir/link.txt --verbose=1
/usr/bin/cc   -DC_FLAG_SUPPORTED    CMakeFiles/cmTC_643ec.dir/src.c.o  -o cmTC_643ec -lm 
make[1]: Leaving directory '/home/praneet/ffmpeg_sources/aom_build/CMakeFiles/CMakeTmp'

Source file was:
int main(void) { return 0; }
Performing C++ SOURCE FILE Test CXX_FLAG_SUPPORTED succeeded with the following output:
Change Dir: /home/praneet/ffmpeg_sources/aom_build/CMakeFiles/CMakeTmp

Run Build Command:"/usr/bin/make" "cmTC_6e093/fast"
/usr/bin/make -f CMakeFiles/cmTC_6e093.dir/build.make CMakeFiles/cmTC_6e093.dir/build
make[1]: Entering directory '/home/praneet/ffmpeg_sources/aom_build/CMakeFiles/CMakeTmp'
Building CXX object CMakeFiles/cmTC_6e093.dir/src.cxx.o
/usr/bin/c++     -DCXX_FLAG_SUPPORTED   -Wdisabled-optimization -o CMakeFiles/cmTC_6e093.dir/src.cxx.o -c /home/praneet/ffmpeg_sources/aom_build/CMakeFiles/CMakeTmp/src.cxx
Linking CXX executable cmTC_6e093
/usr/bin/cmake -E cmake_link_script CMakeFiles/cmTC_6e093.dir/link.txt --verbose=1
/usr/bin/c++    -DCXX_FLAG_SUPPORTED    CMakeFiles/cmTC_6e093.dir/src.cxx.o  -o cmTC_6e093 -lm 
make[1]: Leaving directory '/home/praneet/ffmpeg_sources/aom_build/CMakeFiles/CMakeTmp'

Source file was:
int main() { return 0; }
Performing C SOURCE FILE Test C_FLAG_SUPPORTED succeeded with the following output:
Change Dir: /home/praneet/ffmpeg_sources/aom_build/CMakeFiles/CMakeTmp

Run Build Command:"/usr/bin/make" "cmTC_96af1/fast"
/usr/bin/make -f CMakeFiles/cmTC_96af1.dir/build.make CMakeFiles/cmTC_96af1.dir/build
make[1]: Entering directory '/home/praneet/ffmpeg_sources/aom_build/CMakeFiles/CMakeTmp'
Building C object CMakeFiles/cmTC_96af1.dir/src.c.o
/usr/bin/cc    -DC_FLAG_SUPPORTED   -Wextra -o CMakeFiles/cmTC_96af1.dir/src.c.o   -c /home/praneet/ffmpeg_sources/aom_build/CMakeFiles/CMakeTmp/src.c
Linking C executable cmTC_96af1
/usr/bin/cmake -E cmake_link_script CMakeFiles/cmTC_96af1.dir/link.txt --verbose=1
/usr/bin/cc   -DC_FLAG_SUPPORTED    CMakeFiles/cmTC_96af1.dir/src.c.o  -o cmTC_96af1 -lm 
make[1]: Leaving directory '/home/praneet/ffmpeg_sources/aom_build/CMakeFiles/CMakeTmp'

Source file was:
int main(void) { return 0; }
Performing C++ SOURCE FILE Test CXX_FLAG_SUPPORTED succeeded with the following output:
Change Dir: /home/praneet/ffmpeg_sources/aom_build/CMakeFiles/CMakeTmp

Run Build Command:"/usr/bin/make" "cmTC_3cd17/fast"
/usr/bin/make -f CMakeFiles/cmTC_3cd17.dir/build.make CMakeFiles/cmTC_3cd17.dir/build
make[1]: Entering directory '/home/praneet/ffmpeg_sources/aom_build/CMakeFiles/CMakeTmp'
Building CXX object CMakeFiles/cmTC_3cd17.dir/src.cxx.o
/usr/bin/c++     -DCXX_FLAG_SUPPORTED   -Wextra -o CMakeFiles/cmTC_3cd17.dir/src.cxx.o -c /home/praneet/ffmpeg_sources/aom_build/CMakeFiles/CMakeTmp/src.cxx
Linking CXX executable cmTC_3cd17
/usr/bin/cmake -E cmake_link_script CMakeFiles/cmTC_3cd17.dir/link.txt --verbose=1
/usr/bin/c++    -DCXX_FLAG_SUPPORTED    CMakeFiles/cmTC_3cd17.dir/src.cxx.o  -o cmTC_3cd17 -lm 
make[1]: Leaving directory '/home/praneet/ffmpeg_sources/aom_build/CMakeFiles/CMakeTmp'

Source file was:
int main() { return 0; }
Performing C SOURCE FILE Test C_FLAG_SUPPORTED succeeded with the following output:
Change Dir: /home/praneet/ffmpeg_sources/aom_build/CMakeFiles/CMakeTmp

Run Build Command:"/usr/bin/make" "cmTC_04237/fast"
/usr/bin/make -f CMakeFiles/cmTC_04237.dir/build.make CMakeFiles/cmTC_04237.dir/build
make[1]: Entering directory '/home/praneet/ffmpeg_sources/aom_build/CMakeFiles/CMakeTmp'
Building C object CMakeFiles/cmTC_04237.dir/src.c.o
/usr/bin/cc    -DC_FLAG_SUPPORTED   -Wfloat-conversion -o CMakeFiles/cmTC_04237.dir/src.c.o   -c /home/praneet/ffmpeg_sources/aom_build/CMakeFiles/CMakeTmp/src.c
Linking C executable cmTC_04237
/usr/bin/cmake -E cmake_link_script CMakeFiles/cmTC_04237.dir/link.txt --verbose=1
/usr/bin/cc   -DC_FLAG_SUPPORTED    CMakeFiles/cmTC_04237.dir/src.c.o  -o cmTC_04237 -lm 
make[1]: Leaving directory '/home/praneet/ffmpeg_sources/aom_build/CMakeFiles/CMakeTmp'

Source file was:
int main(void) { return 0; }
Performing C++ SOURCE FILE Test CXX_FLAG_SUPPORTED succeeded with the following output:
Change Dir: /home/praneet/ffmpeg_sources/aom_build/CMakeFiles/CMakeTmp

Run Build Command:"/usr/bin/make" "cmTC_fe97a/fast"
/usr/bin/make -f CMakeFiles/cmTC_fe97a.dir/build.make CMakeFiles/cmTC_fe97a.dir/build
make[1]: Entering directory '/home/praneet/ffmpeg_sources/aom_build/CMakeFiles/CMakeTmp'
Building CXX object CMakeFiles/cmTC_fe97a.dir/src.cxx.o
/usr/bin/c++     -DCXX_FLAG_SUPPORTED   -Wfloat-conversion -o CMakeFiles/cmTC_fe97a.dir/src.cxx.o -c /home/praneet/ffmpeg_sources/aom_build/CMakeFiles/CMakeTmp/src.cxx
Linking CXX executable cmTC_fe97a
/usr/bin/cmake -E cmake_link_script CMakeFiles/cmTC_fe97a.dir/link.txt --verbose=1
/usr/bin/c++    -DCXX_FLAG_SUPPORTED    CMakeFiles/cmTC_fe97a.dir/src.cxx.o  -o cmTC_fe97a -lm 
make[1]: Leaving directory '/home/praneet/ffmpeg_sources/aom_build/CMakeFiles/CMakeTmp'

Source file was:
int main() { return 0; }
Performing C SOURCE FILE Test C_FLAG_SUPPORTED succeeded with the following output:
Change Dir: /home/praneet/ffmpeg_sources/aom_build/CMakeFiles/CMakeTmp

Run Build Command:"/usr/bin/make" "cmTC_1c0c6/fast"
/usr/bin/make -f CMakeFiles/cmTC_1c0c6.dir/build.make CMakeFiles/cmTC_1c0c6.dir/build
make[1]: Entering directory '/home/praneet/ffmpeg_sources/aom_build/CMakeFiles/CMakeTmp'
Building C object CMakeFiles/cmTC_1c0c6.dir/src.c.o
/usr/bin/cc    -DC_FLAG_SUPPORTED   -Wimplicit-function-declaration -o CMakeFiles/cmTC_1c0c6.dir/src.c.o   -c /home/praneet/ffmpeg_sources/aom_build/CMakeFiles/CMakeTmp/src.c
Linking C executable cmTC_1c0c6
/usr/bin/cmake -E cmake_link_script CMakeFiles/cmTC_1c0c6.dir/link.txt --verbose=1
/usr/bin/cc   -DC_FLAG_SUPPORTED    CMakeFiles/cmTC_1c0c6.dir/src.c.o  -o cmTC_1c0c6 -lm 
make[1]: Leaving directory '/home/praneet/ffmpeg_sources/aom_build/CMakeFiles/CMakeTmp'

Source file was:
int main(void) { return 0; }
Performing C SOURCE FILE Test C_FLAG_SUPPORTED succeeded with the following output:
Change Dir: /home/praneet/ffmpeg_sources/aom_build/CMakeFiles/CMakeTmp

Run Build Command:"/usr/bin/make" "cmTC_f601f/fast"
/usr/bin/make -f CMakeFiles/cmTC_f601f.dir/build.make CMakeFiles/cmTC_f601f.dir/build
make[1]: Entering directory '/home/praneet/ffmpeg_sources/aom_build/CMakeFiles/CMakeTmp'
Building C object CMakeFiles/cmTC_f601f.dir/src.c.o
/usr/bin/cc    -DC_FLAG_SUPPORTED   -Wlogical-op -o CMakeFiles/cmTC_f601f.dir/src.c.o   -c /home/praneet/ffmpeg_sources/aom_build/CMakeFiles/CMakeTmp/src.c
Linking C executable cmTC_f601f
/usr/bin/cmake -E cmake_link_script CMakeFiles/cmTC_f601f.dir/link.txt --verbose=1
/usr/bin/cc   -DC_FLAG_SUPPORTED    CMakeFiles/cmTC_f601f.dir/src.c.o  -o cmTC_f601f -lm 
make[1]: Leaving directory '/home/praneet/ffmpeg_sources/aom_build/CMakeFiles/CMakeTmp'

Source file was:
int main(void) { return 0; }
Performing C++ SOURCE FILE Test CXX_FLAG_SUPPORTED succeeded with the following output:
Change Dir: /home/praneet/ffmpeg_sources/aom_build/CMakeFiles/CMakeTmp

Run Build Command:"/usr/bin/make" "cmTC_ab5c1/fast"
/usr/bin/make -f CMakeFiles/cmTC_ab5c1.dir/build.make CMakeFiles/cmTC_ab5c1.dir/build
make[1]: Entering directory '/home/praneet/ffmpeg_sources/aom_build/CMakeFiles/CMakeTmp'
Building CXX object CMakeFiles/cmTC_ab5c1.dir/src.cxx.o
/usr/bin/c++     -DCXX_FLAG_SUPPORTED   -Wlogical-op -o CMakeFiles/cmTC_ab5c1.dir/src.cxx.o -c /home/praneet/ffmpeg_sources/aom_build/CMakeFiles/CMakeTmp/src.cxx
Linking CXX executable cmTC_ab5c1
/usr/bin/cmake -E cmake_link_script CMakeFiles/cmTC_ab5c1.dir/link.txt --verbose=1
/usr/bin/c++    -DCXX_FLAG_SUPPORTED    CMakeFiles/cmTC_ab5c1.dir/src.cxx.o  -o cmTC_ab5c1 -lm 
make[1]: Leaving directory '/home/praneet/ffmpeg_sources/aom_build/CMakeFiles/CMakeTmp'

Source file was:
int main() { return 0; }
Performing C SOURCE FILE Test C_FLAG_SUPPORTED succeeded with the following output:
Change Dir: /home/praneet/ffmpeg_sources/aom_build/CMakeFiles/CMakeTmp

Run Build Command:"/usr/bin/make" "cmTC_b8af0/fast"
/usr/bin/make -f CMakeFiles/cmTC_b8af0.dir/build.make CMakeFiles/cmTC_b8af0.dir/build
make[1]: Entering directory '/home/praneet/ffmpeg_sources/aom_build/CMakeFiles/CMakeTmp'
Building C object CMakeFiles/cmTC_b8af0.dir/src.c.o
/usr/bin/cc    -DC_FLAG_SUPPORTED   -Wpointer-arith -o CMakeFiles/cmTC_b8af0.dir/src.c.o   -c /home/praneet/ffmpeg_sources/aom_build/CMakeFiles/CMakeTmp/src.c
Linking C executable cmTC_b8af0
/usr/bin/cmake -E cmake_link_script CMakeFiles/cmTC_b8af0.dir/link.txt --verbose=1
/usr/bin/cc   -DC_FLAG_SUPPORTED    CMakeFiles/cmTC_b8af0.dir/src.c.o  -o cmTC_b8af0 -lm 
make[1]: Leaving directory '/home/praneet/ffmpeg_sources/aom_build/CMakeFiles/CMakeTmp'

Source file was:
int main(void) { return 0; }
Performing C++ SOURCE FILE Test CXX_FLAG_SUPPORTED succeeded with the following output:
Change Dir: /home/praneet/ffmpeg_sources/aom_build/CMakeFiles/CMakeTmp

Run Build Command:"/usr/bin/make" "cmTC_32df9/fast"
/usr/bin/make -f CMakeFiles/cmTC_32df9.dir/build.make CMakeFiles/cmTC_32df9.dir/build
make[1]: Entering directory '/home/praneet/ffmpeg_sources/aom_build/CMakeFiles/CMakeTmp'
Building CXX object CMakeFiles/cmTC_32df9.dir/src.cxx.o
/usr/bin/c++     -DCXX_FLAG_SUPPORTED   -Wpointer-arith -o CMakeFiles/cmTC_32df9.dir/src.cxx.o -c /home/praneet/ffmpeg_sources/aom_build/CMakeFiles/CMakeTmp/src.cxx
Linking CXX executable cmTC_32df9
/usr/bin/cmake -E cmake_link_script CMakeFiles/cmTC_32df9.dir/link.txt --verbose=1
/usr/bin/c++    -DCXX_FLAG_SUPPORTED    CMakeFiles/cmTC_32df9.dir/src.cxx.o  -o cmTC_32df9 -lm 
make[1]: Leaving directory '/home/praneet/ffmpeg_sources/aom_build/CMakeFiles/CMakeTmp'

Source file was:
int main() { return 0; }
Performing C SOURCE FILE Test C_FLAG_SUPPORTED succeeded with the following output:
Change Dir: /home/praneet/ffmpeg_sources/aom_build/CMakeFiles/CMakeTmp

Run Build Command:"/usr/bin/make" "cmTC_7c065/fast"
/usr/bin/make -f CMakeFiles/cmTC_7c065.dir/build.make CMakeFiles/cmTC_7c065.dir/build
make[1]: Entering directory '/home/praneet/ffmpeg_sources/aom_build/CMakeFiles/CMakeTmp'
Building C object CMakeFiles/cmTC_7c065.dir/src.c.o
/usr/bin/cc    -DC_FLAG_SUPPORTED   -Wsign-compare -o CMakeFiles/cmTC_7c065.dir/src.c.o   -c /home/praneet/ffmpeg_sources/aom_build/CMakeFiles/CMakeTmp/src.c
Linking C executable cmTC_7c065
/usr/bin/cmake -E cmake_link_script CMakeFiles/cmTC_7c065.dir/link.txt --verbose=1
/usr/bin/cc   -DC_FLAG_SUPPORTED    CMakeFiles/cmTC_7c065.dir/src.c.o  -o cmTC_7c065 -lm 
make[1]: Leaving directory '/home/praneet/ffmpeg_sources/aom_build/CMakeFiles/CMakeTmp'

Source file was:
int main(void) { return 0; }
Performing C++ SOURCE FILE Test CXX_FLAG_SUPPORTED succeeded with the following output:
Change Dir: /home/praneet/ffmpeg_sources/aom_build/CMakeFiles/CMakeTmp

Run Build Command:"/usr/bin/make" "cmTC_4dd47/fast"
/usr/bin/make -f CMakeFiles/cmTC_4dd47.dir/build.make CMakeFiles/cmTC_4dd47.dir/build
make[1]: Entering directory '/home/praneet/ffmpeg_sources/aom_build/CMakeFiles/CMakeTmp'
Building CXX object CMakeFiles/cmTC_4dd47.dir/src.cxx.o
/usr/bin/c++     -DCXX_FLAG_SUPPORTED   -Wsign-compare -o CMakeFiles/cmTC_4dd47.dir/src.cxx.o -c /home/praneet/ffmpeg_sources/aom_build/CMakeFiles/CMakeTmp/src.cxx
Linking CXX executable cmTC_4dd47
/usr/bin/cmake -E cmake_link_script CMakeFiles/cmTC_4dd47.dir/link.txt --verbose=1
/usr/bin/c++    -DCXX_FLAG_SUPPORTED    CMakeFiles/cmTC_4dd47.dir/src.cxx.o  -o cmTC_4dd47 -lm 
make[1]: Leaving directory '/home/praneet/ffmpeg_sources/aom_build/CMakeFiles/CMakeTmp'

Source file was:
int main() { return 0; }
Performing C SOURCE FILE Test C_FLAG_SUPPORTED succeeded with the following output:
Change Dir: /home/praneet/ffmpeg_sources/aom_build/CMakeFiles/CMakeTmp

Run Build Command:"/usr/bin/make" "cmTC_04ba7/fast"
/usr/bin/make -f CMakeFiles/cmTC_04ba7.dir/build.make CMakeFiles/cmTC_04ba7.dir/build
make[1]: Entering directory '/home/praneet/ffmpeg_sources/aom_build/CMakeFiles/CMakeTmp'
Building C object CMakeFiles/cmTC_04ba7.dir/src.c.o
/usr/bin/cc    -DC_FLAG_SUPPORTED   -Wstack-usage=360000 -o CMakeFiles/cmTC_04ba7.dir/src.c.o   -c /home/praneet/ffmpeg_sources/aom_build/CMakeFiles/CMakeTmp/src.c
Linking C executable cmTC_04ba7
/usr/bin/cmake -E cmake_link_script CMakeFiles/cmTC_04ba7.dir/link.txt --verbose=1
/usr/bin/cc   -DC_FLAG_SUPPORTED    CMakeFiles/cmTC_04ba7.dir/src.c.o  -o cmTC_04ba7 -lm 
make[1]: Leaving directory '/home/praneet/ffmpeg_sources/aom_build/CMakeFiles/CMakeTmp'

Source file was:
int main(void) { return 0; }
Performing C++ SOURCE FILE Test CXX_FLAG_SUPPORTED succeeded with the following output:
Change Dir: /home/praneet/ffmpeg_sources/aom_build/CMakeFiles/CMakeTmp

Run Build Command:"/usr/bin/make" "cmTC_c39ff/fast"
/usr/bin/make -f CMakeFiles/cmTC_c39ff.dir/build.make CMakeFiles/cmTC_c39ff.dir/build
make[1]: Entering directory '/home/praneet/ffmpeg_sources/aom_build/CMakeFiles/CMakeTmp'
Building CXX object CMakeFiles/cmTC_c39ff.dir/src.cxx.o
/usr/bin/c++     -DCXX_FLAG_SUPPORTED   -Wstack-usage=360000 -o CMakeFiles/cmTC_c39ff.dir/src.cxx.o -c /home/praneet/ffmpeg_sources/aom_build/CMakeFiles/CMakeTmp/src.cxx
Linking CXX executable cmTC_c39ff
/usr/bin/cmake -E cmake_link_script CMakeFiles/cmTC_c39ff.dir/link.txt --verbose=1
/usr/bin/c++    -DCXX_FLAG_SUPPORTED    CMakeFiles/cmTC_c39ff.dir/src.cxx.o  -o cmTC_c39ff -lm 
make[1]: Leaving directory '/home/praneet/ffmpeg_sources/aom_build/CMakeFiles/CMakeTmp'

Source file was:
int main() { return 0; }
Performing C SOURCE FILE Test C_FLAG_SUPPORTED succeeded with the following output:
Change Dir: /home/praneet/ffmpeg_sources/aom_build/CMakeFiles/CMakeTmp

Run Build Command:"/usr/bin/make" "cmTC_ff377/fast"
/usr/bin/make -f CMakeFiles/cmTC_ff377.dir/build.make CMakeFiles/cmTC_ff377.dir/build
make[1]: Entering directory '/home/praneet/ffmpeg_sources/aom_build/CMakeFiles/CMakeTmp'
Building C object CMakeFiles/cmTC_ff377.dir/src.c.o
/usr/bin/cc    -DC_FLAG_SUPPORTED   -Wtype-limits -o CMakeFiles/cmTC_ff377.dir/src.c.o   -c /home/praneet/ffmpeg_sources/aom_build/CMakeFiles/CMakeTmp/src.c
Linking C executable cmTC_ff377
/usr/bin/cmake -E cmake_link_script CMakeFiles/cmTC_ff377.dir/link.txt --verbose=1
/usr/bin/cc   -DC_FLAG_SUPPORTED    CMakeFiles/cmTC_ff377.dir/src.c.o  -o cmTC_ff377 -lm 
make[1]: Leaving directory '/home/praneet/ffmpeg_sources/aom_build/CMakeFiles/CMakeTmp'

Source file was:
int main(void) { return 0; }
Performing C++ SOURCE FILE Test CXX_FLAG_SUPPORTED succeeded with the following output:
Change Dir: /home/praneet/ffmpeg_sources/aom_build/CMakeFiles/CMakeTmp

Run Build Command:"/usr/bin/make" "cmTC_e0948/fast"
/usr/bin/make -f CMakeFiles/cmTC_e0948.dir/build.make CMakeFiles/cmTC_e0948.dir/build
make[1]: Entering directory '/home/praneet/ffmpeg_sources/aom_build/CMakeFiles/CMakeTmp'
Building CXX object CMakeFiles/cmTC_e0948.dir/src.cxx.o
/usr/bin/c++     -DCXX_FLAG_SUPPORTED   -Wtype-limits -o CMakeFiles/cmTC_e0948.dir/src.cxx.o -c /home/praneet/ffmpeg_sources/aom_build/CMakeFiles/CMakeTmp/src.cxx
Linking CXX executable cmTC_e0948
/usr/bin/cmake -E cmake_link_script CMakeFiles/cmTC_e0948.dir/link.txt --verbose=1
/usr/bin/c++    -DCXX_FLAG_SUPPORTED    CMakeFiles/cmTC_e0948.dir/src.cxx.o  -o cmTC_e0948 -lm 
make[1]: Leaving directory '/home/praneet/ffmpeg_sources/aom_build/CMakeFiles/CMakeTmp'

Source file was:
int main() { return 0; }
Performing C SOURCE FILE Test C_FLAG_SUPPORTED succeeded with the following output:
Change Dir: /home/praneet/ffmpeg_sources/aom_build/CMakeFiles/CMakeTmp

Run Build Command:"/usr/bin/make" "cmTC_30580/fast"
/usr/bin/make -f CMakeFiles/cmTC_30580.dir/build.make CMakeFiles/cmTC_30580.dir/build
make[1]: Entering directory '/home/praneet/ffmpeg_sources/aom_build/CMakeFiles/CMakeTmp'
Building C object CMakeFiles/cmTC_30580.dir/src.c.o
/usr/bin/cc    -DC_FLAG_SUPPORTED   -Wuninitialized -o CMakeFiles/cmTC_30580.dir/src.c.o   -c /home/praneet/ffmpeg_sources/aom_build/CMakeFiles/CMakeTmp/src.c
Linking C executable cmTC_30580
/usr/bin/cmake -E cmake_link_script CMakeFiles/cmTC_30580.dir/link.txt --verbose=1
/usr/bin/cc   -DC_FLAG_SUPPORTED    CMakeFiles/cmTC_30580.dir/src.c.o  -o cmTC_30580 -lm 
make[1]: Leaving directory '/home/praneet/ffmpeg_sources/aom_build/CMakeFiles/CMakeTmp'

Source file was:
int main(void) { return 0; }
Performing C++ SOURCE FILE Test CXX_FLAG_SUPPORTED succeeded with the following output:
Change Dir: /home/praneet/ffmpeg_sources/aom_build/CMakeFiles/CMakeTmp

Run Build Command:"/usr/bin/make" "cmTC_63edf/fast"
/usr/bin/make -f CMakeFiles/cmTC_63edf.dir/build.make CMakeFiles/cmTC_63edf.dir/build
make[1]: Entering directory '/home/praneet/ffmpeg_sources/aom_build/CMakeFiles/CMakeTmp'
Building CXX object CMakeFiles/cmTC_63edf.dir/src.cxx.o
/usr/bin/c++     -DCXX_FLAG_SUPPORTED   -Wuninitialized -o CMakeFiles/cmTC_63edf.dir/src.cxx.o -c /home/praneet/ffmpeg_sources/aom_build/CMakeFiles/CMakeTmp/src.cxx
Linking CXX executable cmTC_63edf
/usr/bin/cmake -E cmake_link_script CMakeFiles/cmTC_63edf.dir/link.txt --verbose=1
/usr/bin/c++    -DCXX_FLAG_SUPPORTED    CMakeFiles/cmTC_63edf.dir/src.cxx.o  -o cmTC_63edf -lm 
make[1]: Leaving directory '/home/praneet/ffmpeg_sources/aom_build/CMakeFiles/CMakeTmp'

Source file was:
int main() { return 0; }
Performing C SOURCE FILE Test C_FLAG_SUPPORTED succeeded with the following output:
Change Dir: /home/praneet/ffmpeg_sources/aom_build/CMakeFiles/CMakeTmp

Run Build Command:"/usr/bin/make" "cmTC_5e4e2/fast"
/usr/bin/make -f CMakeFiles/cmTC_5e4e2.dir/build.make CMakeFiles/cmTC_5e4e2.dir/build
make[1]: Entering directory '/home/praneet/ffmpeg_sources/aom_build/CMakeFiles/CMakeTmp'
Building C object CMakeFiles/cmTC_5e4e2.dir/src.c.o
/usr/bin/cc    -DC_FLAG_SUPPORTED   -Wunused -o CMakeFiles/cmTC_5e4e2.dir/src.c.o   -c /home/praneet/ffmpeg_sources/aom_build/CMakeFiles/CMakeTmp/src.c
Linking C executable cmTC_5e4e2
/usr/bin/cmake -E cmake_link_script CMakeFiles/cmTC_5e4e2.dir/link.txt --verbose=1
/usr/bin/cc   -DC_FLAG_SUPPORTED    CMakeFiles/cmTC_5e4e2.dir/src.c.o  -o cmTC_5e4e2 -lm 
make[1]: Leaving directory '/home/praneet/ffmpeg_sources/aom_build/CMakeFiles/CMakeTmp'

Source file was:
int main(void) { return 0; }
Performing C++ SOURCE FILE Test CXX_FLAG_SUPPORTED succeeded with the following output:
Change Dir: /home/praneet/ffmpeg_sources/aom_build/CMakeFiles/CMakeTmp

Run Build Command:"/usr/bin/make" "cmTC_7c42d/fast"
/usr/bin/make -f CMakeFiles/cmTC_7c42d.dir/build.make CMakeFiles/cmTC_7c42d.dir/build
make[1]: Entering directory '/home/praneet/ffmpeg_sources/aom_build/CMakeFiles/CMakeTmp'
Building CXX object CMakeFiles/cmTC_7c42d.dir/src.cxx.o
/usr/bin/c++     -DCXX_FLAG_SUPPORTED   -Wunused -o CMakeFiles/cmTC_7c42d.dir/src.cxx.o -c /home/praneet/ffmpeg_sources/aom_build/CMakeFiles/CMakeTmp/src.cxx
Linking CXX executable cmTC_7c42d
/usr/bin/cmake -E cmake_link_script CMakeFiles/cmTC_7c42d.dir/link.txt --verbose=1
/usr/bin/c++    -DCXX_FLAG_SUPPORTED    CMakeFiles/cmTC_7c42d.dir/src.cxx.o  -o cmTC_7c42d -lm 
make[1]: Leaving directory '/home/praneet/ffmpeg_sources/aom_build/CMakeFiles/CMakeTmp'

Source file was:
int main() { return 0; }
Performing C SOURCE FILE Test C_FLAG_SUPPORTED succeeded with the following output:
Change Dir: /home/praneet/ffmpeg_sources/aom_build/CMakeFiles/CMakeTmp

Run Build Command:"/usr/bin/make" "cmTC_89e96/fast"
/usr/bin/make -f CMakeFiles/cmTC_89e96.dir/build.make CMakeFiles/cmTC_89e96.dir/build
make[1]: Entering directory '/home/praneet/ffmpeg_sources/aom_build/CMakeFiles/CMakeTmp'
Building C object CMakeFiles/cmTC_89e96.dir/src.c.o
/usr/bin/cc    -DC_FLAG_SUPPORTED   -Wvla -o CMakeFiles/cmTC_89e96.dir/src.c.o   -c /home/praneet/ffmpeg_sources/aom_build/CMakeFiles/CMakeTmp/src.c
Linking C executable cmTC_89e96
/usr/bin/cmake -E cmake_link_script CMakeFiles/cmTC_89e96.dir/link.txt --verbose=1
/usr/bin/cc   -DC_FLAG_SUPPORTED    CMakeFiles/cmTC_89e96.dir/src.c.o  -o cmTC_89e96 -lm 
make[1]: Leaving directory '/home/praneet/ffmpeg_sources/aom_build/CMakeFiles/CMakeTmp'

Source file was:
int main(void) { return 0; }
Performing C++ SOURCE FILE Test CXX_FLAG_SUPPORTED succeeded with the following output:
Change Dir: /home/praneet/ffmpeg_sources/aom_build/CMakeFiles/CMakeTmp

Run Build Command:"/usr/bin/make" "cmTC_a5c54/fast"
/usr/bin/make -f CMakeFiles/cmTC_a5c54.dir/build.make CMakeFiles/cmTC_a5c54.dir/build
make[1]: Entering directory '/home/praneet/ffmpeg_sources/aom_build/CMakeFiles/CMakeTmp'
Building CXX object CMakeFiles/cmTC_a5c54.dir/src.cxx.o
/usr/bin/c++     -DCXX_FLAG_SUPPORTED   -Wvla -o CMakeFiles/cmTC_a5c54.dir/src.cxx.o -c /home/praneet/ffmpeg_sources/aom_build/CMakeFiles/CMakeTmp/src.cxx
Linking CXX executable cmTC_a5c54
/usr/bin/cmake -E cmake_link_script CMakeFiles/cmTC_a5c54.dir/link.txt --verbose=1
/usr/bin/c++    -DCXX_FLAG_SUPPORTED    CMakeFiles/cmTC_a5c54.dir/src.cxx.o  -o cmTC_a5c54 -lm 
make[1]: Leaving directory '/home/praneet/ffmpeg_sources/aom_build/CMakeFiles/CMakeTmp'

Source file was:
int main() { return 0; }
Performing C SOURCE FILE Test C_FLAG_SUPPORTED succeeded with the following output:
Change Dir: /home/praneet/ffmpeg_sources/aom_build/CMakeFiles/CMakeTmp

Run Build Command:"/usr/bin/make" "cmTC_64f76/fast"
/usr/bin/make -f CMakeFiles/cmTC_64f76.dir/build.make CMakeFiles/cmTC_64f76.dir/build
make[1]: Entering directory '/home/praneet/ffmpeg_sources/aom_build/CMakeFiles/CMakeTmp'
Building C object CMakeFiles/cmTC_64f76.dir/src.c.o
/usr/bin/cc    -DC_FLAG_SUPPORTED   -Wshadow -o CMakeFiles/cmTC_64f76.dir/src.c.o   -c /home/praneet/ffmpeg_sources/aom_build/CMakeFiles/CMakeTmp/src.c
Linking C executable cmTC_64f76
/usr/bin/cmake -E cmake_link_script CMakeFiles/cmTC_64f76.dir/link.txt --verbose=1
/usr/bin/cc   -DC_FLAG_SUPPORTED    CMakeFiles/cmTC_64f76.dir/src.c.o  -o cmTC_64f76 -lm 
make[1]: Leaving directory '/home/praneet/ffmpeg_sources/aom_build/CMakeFiles/CMakeTmp'

Source file was:
int main(void) { return 0; }
Performing C SOURCE FILE Test C_FLAG_SUPPORTED succeeded with the following output:
Change Dir: /home/praneet/ffmpeg_sources/aom_build/CMakeFiles/CMakeTmp

Run Build Command:"/usr/bin/make" "cmTC_047e7/fast"
/usr/bin/make -f CMakeFiles/cmTC_047e7.dir/build.make CMakeFiles/cmTC_047e7.dir/build
make[1]: Entering directory '/home/praneet/ffmpeg_sources/aom_build/CMakeFiles/CMakeTmp'
Building C object CMakeFiles/cmTC_047e7.dir/src.c.o
/usr/bin/cc    -DC_FLAG_SUPPORTED   -Wundef -o CMakeFiles/cmTC_047e7.dir/src.c.o   -c /home/praneet/ffmpeg_sources/aom_build/CMakeFiles/CMakeTmp/src.c
Linking C executable cmTC_047e7
/usr/bin/cmake -E cmake_link_script CMakeFiles/cmTC_047e7.dir/link.txt --verbose=1
/usr/bin/cc   -DC_FLAG_SUPPORTED    CMakeFiles/cmTC_047e7.dir/src.c.o  -o cmTC_047e7 -lm 
make[1]: Leaving directory '/home/praneet/ffmpeg_sources/aom_build/CMakeFiles/CMakeTmp'

Source file was:
int main(void) { return 0; }
Performing C SOURCE FILE Test C_FLAG_SUPPORTED succeeded with the following output:
Change Dir: /home/praneet/ffmpeg_sources/aom_build/CMakeFiles/CMakeTmp

Run Build Command:"/usr/bin/make" "cmTC_9a03b/fast"
/usr/bin/make -f CMakeFiles/cmTC_9a03b.dir/build.make CMakeFiles/cmTC_9a03b.dir/build
make[1]: Entering directory '/home/praneet/ffmpeg_sources/aom_build/CMakeFiles/CMakeTmp'
Building C object CMakeFiles/cmTC_9a03b.dir/src.c.o
/usr/bin/cc  -D_FORTIFY_SOURCE=0  -DC_FLAG_SUPPORTED   -U_FORTIFY_SOURCE -o CMakeFiles/cmTC_9a03b.dir/src.c.o   -c /home/praneet/ffmpeg_sources/aom_build/CMakeFiles/CMakeTmp/src.c
Linking C executable cmTC_9a03b
/usr/bin/cmake -E cmake_link_script CMakeFiles/cmTC_9a03b.dir/link.txt --verbose=1
/usr/bin/cc   -DC_FLAG_SUPPORTED    CMakeFiles/cmTC_9a03b.dir/src.c.o  -o cmTC_9a03b -lm 
make[1]: Leaving directory '/home/praneet/ffmpeg_sources/aom_build/CMakeFiles/CMakeTmp'

Source file was:
int main(void) { return 0; }
Performing C++ SOURCE FILE Test CXX_FLAG_SUPPORTED succeeded with the following output:
Change Dir: /home/praneet/ffmpeg_sources/aom_build/CMakeFiles/CMakeTmp

Run Build Command:"/usr/bin/make" "cmTC_76962/fast"
/usr/bin/make -f CMakeFiles/cmTC_76962.dir/build.make CMakeFiles/cmTC_76962.dir/build
make[1]: Entering directory '/home/praneet/ffmpeg_sources/aom_build/CMakeFiles/CMakeTmp'
Building CXX object CMakeFiles/cmTC_76962.dir/src.cxx.o
/usr/bin/c++   -D_FORTIFY_SOURCE=0  -DCXX_FLAG_SUPPORTED   -U_FORTIFY_SOURCE -o CMakeFiles/cmTC_76962.dir/src.cxx.o -c /home/praneet/ffmpeg_sources/aom_build/CMakeFiles/CMakeTmp/src.cxx
Linking CXX executable cmTC_76962
/usr/bin/cmake -E cmake_link_script CMakeFiles/cmTC_76962.dir/link.txt --verbose=1
/usr/bin/c++    -DCXX_FLAG_SUPPORTED    CMakeFiles/cmTC_76962.dir/src.cxx.o  -o cmTC_76962 -lm 
make[1]: Leaving directory '/home/praneet/ffmpeg_sources/aom_build/CMakeFiles/CMakeTmp'

Source file was:
int main() { return 0; }
Performing C SOURCE FILE Test C_FLAG_SUPPORTED succeeded with the following output:
Change Dir: /home/praneet/ffmpeg_sources/aom_build/CMakeFiles/CMakeTmp

Run Build Command:"/usr/bin/make" "cmTC_900b2/fast"
/usr/bin/make -f CMakeFiles/cmTC_900b2.dir/build.make CMakeFiles/cmTC_900b2.dir/build
make[1]: Entering directory '/home/praneet/ffmpeg_sources/aom_build/CMakeFiles/CMakeTmp'
Building C object CMakeFiles/cmTC_900b2.dir/src.c.o
/usr/bin/cc  -D_LARGEFILE_SOURCE  -DC_FLAG_SUPPORTED   -o CMakeFiles/cmTC_900b2.dir/src.c.o   -c /home/praneet/ffmpeg_sources/aom_build/CMakeFiles/CMakeTmp/src.c
Linking C executable cmTC_900b2
/usr/bin/cmake -E cmake_link_script CMakeFiles/cmTC_900b2.dir/link.txt --verbose=1
/usr/bin/cc   -DC_FLAG_SUPPORTED    CMakeFiles/cmTC_900b2.dir/src.c.o  -o cmTC_900b2 -lm 
make[1]: Leaving directory '/home/praneet/ffmpeg_sources/aom_build/CMakeFiles/CMakeTmp'

Source file was:
int main(void) { return 0; }
Performing C++ SOURCE FILE Test CXX_FLAG_SUPPORTED succeeded with the following output:
Change Dir: /home/praneet/ffmpeg_sources/aom_build/CMakeFiles/CMakeTmp

Run Build Command:"/usr/bin/make" "cmTC_04bbd/fast"
/usr/bin/make -f CMakeFiles/cmTC_04bbd.dir/build.make CMakeFiles/cmTC_04bbd.dir/build
make[1]: Entering directory '/home/praneet/ffmpeg_sources/aom_build/CMakeFiles/CMakeTmp'
Building CXX object CMakeFiles/cmTC_04bbd.dir/src.cxx.o
/usr/bin/c++   -D_LARGEFILE_SOURCE  -DCXX_FLAG_SUPPORTED   -o CMakeFiles/cmTC_04bbd.dir/src.cxx.o -c /home/praneet/ffmpeg_sources/aom_build/CMakeFiles/CMakeTmp/src.cxx
Linking CXX executable cmTC_04bbd
/usr/bin/cmake -E cmake_link_script CMakeFiles/cmTC_04bbd.dir/link.txt --verbose=1
/usr/bin/c++    -DCXX_FLAG_SUPPORTED    CMakeFiles/cmTC_04bbd.dir/src.cxx.o  -o cmTC_04bbd -lm 
make[1]: Leaving directory '/home/praneet/ffmpeg_sources/aom_build/CMakeFiles/CMakeTmp'

Source file was:
int main() { return 0; }
Performing C SOURCE FILE Test C_FLAG_SUPPORTED succeeded with the following output:
Change Dir: /home/praneet/ffmpeg_sources/aom_build/CMakeFiles/CMakeTmp

Run Build Command:"/usr/bin/make" "cmTC_01aa3/fast"
/usr/bin/make -f CMakeFiles/cmTC_01aa3.dir/build.make CMakeFiles/cmTC_01aa3.dir/build
make[1]: Entering directory '/home/praneet/ffmpeg_sources/aom_build/CMakeFiles/CMakeTmp'
Building C object CMakeFiles/cmTC_01aa3.dir/src.c.o
/usr/bin/cc  -D_FILE_OFFSET_BITS=64  -DC_FLAG_SUPPORTED   -o CMakeFiles/cmTC_01aa3.dir/src.c.o   -c /home/praneet/ffmpeg_sources/aom_build/CMakeFiles/CMakeTmp/src.c
Linking C executable cmTC_01aa3
/usr/bin/cmake -E cmake_link_script CMakeFiles/cmTC_01aa3.dir/link.txt --verbose=1
/usr/bin/cc   -DC_FLAG_SUPPORTED    CMakeFiles/cmTC_01aa3.dir/src.c.o  -o cmTC_01aa3 -lm 
make[1]: Leaving directory '/home/praneet/ffmpeg_sources/aom_build/CMakeFiles/CMakeTmp'

Source file was:
int main(void) { return 0; }
Performing C++ SOURCE FILE Test CXX_FLAG_SUPPORTED succeeded with the following output:
Change Dir: /home/praneet/ffmpeg_sources/aom_build/CMakeFiles/CMakeTmp

Run Build Command:"/usr/bin/make" "cmTC_e50a9/fast"
/usr/bin/make -f CMakeFiles/cmTC_e50a9.dir/build.make CMakeFiles/cmTC_e50a9.dir/build
make[1]: Entering directory '/home/praneet/ffmpeg_sources/aom_build/CMakeFiles/CMakeTmp'
Building CXX object CMakeFiles/cmTC_e50a9.dir/src.cxx.o
/usr/bin/c++   -D_FILE_OFFSET_BITS=64  -DCXX_FLAG_SUPPORTED   -o CMakeFiles/cmTC_e50a9.dir/src.cxx.o -c /home/praneet/ffmpeg_sources/aom_build/CMakeFiles/CMakeTmp/src.cxx
Linking CXX executable cmTC_e50a9
/usr/bin/cmake -E cmake_link_script CMakeFiles/cmTC_e50a9.dir/link.txt --verbose=1
/usr/bin/c++    -DCXX_FLAG_SUPPORTED    CMakeFiles/cmTC_e50a9.dir/src.cxx.o  -o cmTC_e50a9 -lm 
make[1]: Leaving directory '/home/praneet/ffmpeg_sources/aom_build/CMakeFiles/CMakeTmp'

Source file was:
int main() { return 0; }
Performing C SOURCE FILE Test HAVE_C_FLAG succeeded with the following output:
Change Dir: /home/praneet/ffmpeg_sources/aom_build/CMakeFiles/CMakeTmp

Run Build Command:"/usr/bin/make" "cmTC_738ff/fast"
/usr/bin/make -f CMakeFiles/cmTC_738ff.dir/build.make CMakeFiles/cmTC_738ff.dir/build
make[1]: Entering directory '/home/praneet/ffmpeg_sources/aom_build/CMakeFiles/CMakeTmp'
Building C object CMakeFiles/cmTC_738ff.dir/src.c.o
/usr/bin/cc    -DHAVE_C_FLAG   -msse2 -o CMakeFiles/cmTC_738ff.dir/src.c.o   -c /home/praneet/ffmpeg_sources/aom_build/CMakeFiles/CMakeTmp/src.c
Linking C executable cmTC_738ff
/usr/bin/cmake -E cmake_link_script CMakeFiles/cmTC_738ff.dir/link.txt --verbose=1
/usr/bin/cc   -DHAVE_C_FLAG    CMakeFiles/cmTC_738ff.dir/src.c.o  -o cmTC_738ff -lm 
make[1]: Leaving directory '/home/praneet/ffmpeg_sources/aom_build/CMakeFiles/CMakeTmp'

Source file was:
int main(void) { return 0; }
Performing C++ SOURCE FILE Test HAVE_CXX_FLAG succeeded with the following output:
Change Dir: /home/praneet/ffmpeg_sources/aom_build/CMakeFiles/CMakeTmp

Run Build Command:"/usr/bin/make" "cmTC_9402b/fast"
/usr/bin/make -f CMakeFiles/cmTC_9402b.dir/build.make CMakeFiles/cmTC_9402b.dir/build
make[1]: Entering directory '/home/praneet/ffmpeg_sources/aom_build/CMakeFiles/CMakeTmp'
Building CXX object CMakeFiles/cmTC_9402b.dir/src.cxx.o
/usr/bin/c++     -DHAVE_CXX_FLAG   -msse2 -o CMakeFiles/cmTC_9402b.dir/src.cxx.o -c /home/praneet/ffmpeg_sources/aom_build/CMakeFiles/CMakeTmp/src.cxx
Linking CXX executable cmTC_9402b
/usr/bin/cmake -E cmake_link_script CMakeFiles/cmTC_9402b.dir/link.txt --verbose=1
/usr/bin/c++    -DHAVE_CXX_FLAG    CMakeFiles/cmTC_9402b.dir/src.cxx.o  -o cmTC_9402b -lm 
make[1]: Leaving directory '/home/praneet/ffmpeg_sources/aom_build/CMakeFiles/CMakeTmp'

Source file was:
int main() { return 0; }
Performing C SOURCE FILE Test HAVE_C_FLAG succeeded with the following output:
Change Dir: /home/praneet/ffmpeg_sources/aom_build/CMakeFiles/CMakeTmp

Run Build Command:"/usr/bin/make" "cmTC_3681a/fast"
/usr/bin/make -f CMakeFiles/cmTC_3681a.dir/build.make CMakeFiles/cmTC_3681a.dir/build
make[1]: Entering directory '/home/praneet/ffmpeg_sources/aom_build/CMakeFiles/CMakeTmp'
Building C object CMakeFiles/cmTC_3681a.dir/src.c.o
/usr/bin/cc    -DHAVE_C_FLAG   -mssse3 -o CMakeFiles/cmTC_3681a.dir/src.c.o   -c /home/praneet/ffmpeg_sources/aom_build/CMakeFiles/CMakeTmp/src.c
Linking C executable cmTC_3681a
/usr/bin/cmake -E cmake_link_script CMakeFiles/cmTC_3681a.dir/link.txt --verbose=1
/usr/bin/cc   -DHAVE_C_FLAG    CMakeFiles/cmTC_3681a.dir/src.c.o  -o cmTC_3681a -lm 
make[1]: Leaving directory '/home/praneet/ffmpeg_sources/aom_build/CMakeFiles/CMakeTmp'

Source file was:
int main(void) { return 0; }
Performing C++ SOURCE FILE Test HAVE_CXX_FLAG succeeded with the following output:
Change Dir: /home/praneet/ffmpeg_sources/aom_build/CMakeFiles/CMakeTmp

Run Build Command:"/usr/bin/make" "cmTC_c5359/fast"
/usr/bin/make -f CMakeFiles/cmTC_c5359.dir/build.make CMakeFiles/cmTC_c5359.dir/build
make[1]: Entering directory '/home/praneet/ffmpeg_sources/aom_build/CMakeFiles/CMakeTmp'
Building CXX object CMakeFiles/cmTC_c5359.dir/src.cxx.o
/usr/bin/c++     -DHAVE_CXX_FLAG   -mssse3 -o CMakeFiles/cmTC_c5359.dir/src.cxx.o -c /home/praneet/ffmpeg_sources/aom_build/CMakeFiles/CMakeTmp/src.cxx
Linking CXX executable cmTC_c5359
/usr/bin/cmake -E cmake_link_script CMakeFiles/cmTC_c5359.dir/link.txt --verbose=1
/usr/bin/c++    -DHAVE_CXX_FLAG    CMakeFiles/cmTC_c5359.dir/src.cxx.o  -o cmTC_c5359 -lm 
make[1]: Leaving directory '/home/praneet/ffmpeg_sources/aom_build/CMakeFiles/CMakeTmp'

Source file was:
int main() { return 0; }
Performing C SOURCE FILE Test HAVE_C_FLAG succeeded with the following output:
Change Dir: /home/praneet/ffmpeg_sources/aom_build/CMakeFiles/CMakeTmp

Run Build Command:"/usr/bin/make" "cmTC_adcda/fast"
/usr/bin/make -f CMakeFiles/cmTC_adcda.dir/build.make CMakeFiles/cmTC_adcda.dir/build
make[1]: Entering directory '/home/praneet/ffmpeg_sources/aom_build/CMakeFiles/CMakeTmp'
Building C object CMakeFiles/cmTC_adcda.dir/src.c.o
/usr/bin/cc    -DHAVE_C_FLAG   -msse4.1 -o CMakeFiles/cmTC_adcda.dir/src.c.o   -c /home/praneet/ffmpeg_sources/aom_build/CMakeFiles/CMakeTmp/src.c
Linking C executable cmTC_adcda
/usr/bin/cmake -E cmake_link_script CMakeFiles/cmTC_adcda.dir/link.txt --verbose=1
/usr/bin/cc   -DHAVE_C_FLAG    CMakeFiles/cmTC_adcda.dir/src.c.o  -o cmTC_adcda -lm 
make[1]: Leaving directory '/home/praneet/ffmpeg_sources/aom_build/CMakeFiles/CMakeTmp'

Source file was:
int main(void) { return 0; }
Performing C++ SOURCE FILE Test HAVE_CXX_FLAG succeeded with the following output:
Change Dir: /home/praneet/ffmpeg_sources/aom_build/CMakeFiles/CMakeTmp

Run Build Command:"/usr/bin/make" "cmTC_46e9c/fast"
/usr/bin/make -f CMakeFiles/cmTC_46e9c.dir/build.make CMakeFiles/cmTC_46e9c.dir/build
make[1]: Entering directory '/home/praneet/ffmpeg_sources/aom_build/CMakeFiles/CMakeTmp'
Building CXX object CMakeFiles/cmTC_46e9c.dir/src.cxx.o
/usr/bin/c++     -DHAVE_CXX_FLAG   -msse4.1 -o CMakeFiles/cmTC_46e9c.dir/src.cxx.o -c /home/praneet/ffmpeg_sources/aom_build/CMakeFiles/CMakeTmp/src.cxx
Linking CXX executable cmTC_46e9c
/usr/bin/cmake -E cmake_link_script CMakeFiles/cmTC_46e9c.dir/link.txt --verbose=1
/usr/bin/c++    -DHAVE_CXX_FLAG    CMakeFiles/cmTC_46e9c.dir/src.cxx.o  -o cmTC_46e9c -lm 
make[1]: Leaving directory '/home/praneet/ffmpeg_sources/aom_build/CMakeFiles/CMakeTmp'

Source file was:
int main() { return 0; }
Performing C SOURCE FILE Test HAVE_C_FLAG succeeded with the following output:
Change Dir: /home/praneet/ffmpeg_sources/aom_build/CMakeFiles/CMakeTmp

Run Build Command:"/usr/bin/make" "cmTC_48515/fast"
/usr/bin/make -f CMakeFiles/cmTC_48515.dir/build.make CMakeFiles/cmTC_48515.dir/build
make[1]: Entering directory '/home/praneet/ffmpeg_sources/aom_build/CMakeFiles/CMakeTmp'
Building C object CMakeFiles/cmTC_48515.dir/src.c.o
/usr/bin/cc    -DHAVE_C_FLAG   -msse4.2 -o CMakeFiles/cmTC_48515.dir/src.c.o   -c /home/praneet/ffmpeg_sources/aom_build/CMakeFiles/CMakeTmp/src.c
Linking C executable cmTC_48515
/usr/bin/cmake -E cmake_link_script CMakeFiles/cmTC_48515.dir/link.txt --verbose=1
/usr/bin/cc   -DHAVE_C_FLAG    CMakeFiles/cmTC_48515.dir/src.c.o  -o cmTC_48515 -lm 
make[1]: Leaving directory '/home/praneet/ffmpeg_sources/aom_build/CMakeFiles/CMakeTmp'

Source file was:
int main(void) { return 0; }
Performing C++ SOURCE FILE Test HAVE_CXX_FLAG succeeded with the following output:
Change Dir: /home/praneet/ffmpeg_sources/aom_build/CMakeFiles/CMakeTmp

Run Build Command:"/usr/bin/make" "cmTC_6fb5d/fast"
/usr/bin/make -f CMakeFiles/cmTC_6fb5d.dir/build.make CMakeFiles/cmTC_6fb5d.dir/build
make[1]: Entering directory '/home/praneet/ffmpeg_sources/aom_build/CMakeFiles/CMakeTmp'
Building CXX object CMakeFiles/cmTC_6fb5d.dir/src.cxx.o
/usr/bin/c++     -DHAVE_CXX_FLAG   -msse4.2 -o CMakeFiles/cmTC_6fb5d.dir/src.cxx.o -c /home/praneet/ffmpeg_sources/aom_build/CMakeFiles/CMakeTmp/src.cxx
Linking CXX executable cmTC_6fb5d
/usr/bin/cmake -E cmake_link_script CMakeFiles/cmTC_6fb5d.dir/link.txt --verbose=1
/usr/bin/c++    -DHAVE_CXX_FLAG    CMakeFiles/cmTC_6fb5d.dir/src.cxx.o  -o cmTC_6fb5d -lm 
make[1]: Leaving directory '/home/praneet/ffmpeg_sources/aom_build/CMakeFiles/CMakeTmp'

Source file was:
int main() { return 0; }
Performing C SOURCE FILE Test HAVE_C_FLAG succeeded with the following output:
Change Dir: /home/praneet/ffmpeg_sources/aom_build/CMakeFiles/CMakeTmp

Run Build Command:"/usr/bin/make" "cmTC_c538d/fast"
/usr/bin/make -f CMakeFiles/cmTC_c538d.dir/build.make CMakeFiles/cmTC_c538d.dir/build
make[1]: Entering directory '/home/praneet/ffmpeg_sources/aom_build/CMakeFiles/CMakeTmp'
Building C object CMakeFiles/cmTC_c538d.dir/src.c.o
/usr/bin/cc    -DHAVE_C_FLAG   -mavx2 -o CMakeFiles/cmTC_c538d.dir/src.c.o   -c /home/praneet/ffmpeg_sources/aom_build/CMakeFiles/CMakeTmp/src.c
Linking C executable cmTC_c538d
/usr/bin/cmake -E cmake_link_script CMakeFiles/cmTC_c538d.dir/link.txt --verbose=1
/usr/bin/cc   -DHAVE_C_FLAG    CMakeFiles/cmTC_c538d.dir/src.c.o  -o cmTC_c538d -lm 
make[1]: Leaving directory '/home/praneet/ffmpeg_sources/aom_build/CMakeFiles/CMakeTmp'

Source file was:
int main(void) { return 0; }
Performing C++ SOURCE FILE Test HAVE_CXX_FLAG succeeded with the following output:
Change Dir: /home/praneet/ffmpeg_sources/aom_build/CMakeFiles/CMakeTmp

Run Build Command:"/usr/bin/make" "cmTC_3cff6/fast"
/usr/bin/make -f CMakeFiles/cmTC_3cff6.dir/build.make CMakeFiles/cmTC_3cff6.dir/build
make[1]: Entering directory '/home/praneet/ffmpeg_sources/aom_build/CMakeFiles/CMakeTmp'
Building CXX object CMakeFiles/cmTC_3cff6.dir/src.cxx.o
/usr/bin/c++     -DHAVE_CXX_FLAG   -mavx2 -o CMakeFiles/cmTC_3cff6.dir/src.cxx.o -c /home/praneet/ffmpeg_sources/aom_build/CMakeFiles/CMakeTmp/src.cxx
Linking CXX executable cmTC_3cff6
/usr/bin/cmake -E cmake_link_script CMakeFiles/cmTC_3cff6.dir/link.txt --verbose=1
/usr/bin/c++    -DHAVE_CXX_FLAG    CMakeFiles/cmTC_3cff6.dir/src.cxx.o  -o cmTC_3cff6 -lm 
make[1]: Leaving directory '/home/praneet/ffmpeg_sources/aom_build/CMakeFiles/CMakeTmp'

Source file was:
int main() { return 0; }
Performing C++ SOURCE FILE Test HAVE_CXX_FLAG succeeded with the following output:
Change Dir: /home/praneet/ffmpeg_sources/aom_build/CMakeFiles/CMakeTmp

Run Build Command:"/usr/bin/make" "cmTC_967d1/fast"
/usr/bin/make -f CMakeFiles/cmTC_967d1.dir/build.make CMakeFiles/cmTC_967d1.dir/build
make[1]: Entering directory '/home/praneet/ffmpeg_sources/aom_build/CMakeFiles/CMakeTmp'
Building CXX object CMakeFiles/cmTC_967d1.dir/src.cxx.o
/usr/bin/c++     -DHAVE_CXX_FLAG   -std=c++11 -o CMakeFiles/cmTC_967d1.dir/src.cxx.o -c /home/praneet/ffmpeg_sources/aom_build/CMakeFiles/CMakeTmp/src.cxx
Linking CXX executable cmTC_967d1
/usr/bin/cmake -E cmake_link_script CMakeFiles/cmTC_967d1.dir/link.txt --verbose=1
/usr/bin/c++    -DHAVE_CXX_FLAG    CMakeFiles/cmTC_967d1.dir/src.cxx.o  -o cmTC_967d1 -lm 
make[1]: Leaving directory '/home/praneet/ffmpeg_sources/aom_build/CMakeFiles/CMakeTmp'

Source file was:
int main() { return 0; }
